mode: atomic
d7y.io/dragonfly/v2/cdnsystem/cdnutil/cdn_util.go:25.41,27.2 1 1
d7y.io/dragonfly/v2/cdnsystem/storedriver/driver.go:139.95,140.34 1 1
d7y.io/dragonfly/v2/cdnsystem/storedriver/driver.go:144.2,145.16 2 1
d7y.io/dragonfly/v2/cdnsystem/storedriver/driver.go:149.2,152.8 1 1
d7y.io/dragonfly/v2/cdnsystem/storedriver/driver.go:140.34,142.3 1 0
d7y.io/dragonfly/v2/cdnsystem/storedriver/driver.go:145.16,147.3 1 0
d7y.io/dragonfly/v2/cdnsystem/storedriver/driver.go:156.50,158.2 1 1
d7y.io/dragonfly/v2/cdnsystem/storedriver/driver.go:161.38,163.2 1 1
d7y.io/dragonfly/v2/cdnsystem/storedriver/driver.go:166.60,168.2 1 0
d7y.io/dragonfly/v2/cdnsystem/storedriver/driver.go:171.46,173.2 1 0
d7y.io/dragonfly/v2/cdnsystem/storedriver/driver.go:175.45,177.2 1 0
d7y.io/dragonfly/v2/cdnsystem/storedriver/driver.go:179.79,181.2 1 0
d7y.io/dragonfly/v2/cdnsystem/storedriver/driver.go:184.61,185.43 1 0
d7y.io/dragonfly/v2/cdnsystem/storedriver/driver.go:188.2,188.28 1 0
d7y.io/dragonfly/v2/cdnsystem/storedriver/driver.go:185.43,187.3 1 0
d7y.io/dragonfly/v2/cdnsystem/storedriver/driver.go:192.59,193.43 1 0
d7y.io/dragonfly/v2/cdnsystem/storedriver/driver.go:196.2,196.33 1 0
d7y.io/dragonfly/v2/cdnsystem/storedriver/driver.go:193.43,195.3 1 0
d7y.io/dragonfly/v2/cdnsystem/storedriver/driver.go:200.60,201.43 1 0
d7y.io/dragonfly/v2/cdnsystem/storedriver/driver.go:204.2,204.34 1 0
d7y.io/dragonfly/v2/cdnsystem/storedriver/driver.go:201.43,203.3 1 0
d7y.io/dragonfly/v2/cdnsystem/storedriver/driver.go:208.62,209.43 1 0
d7y.io/dragonfly/v2/cdnsystem/storedriver/driver.go:212.2,212.39 1 0
d7y.io/dragonfly/v2/cdnsystem/storedriver/driver.go:209.43,211.3 1 0
d7y.io/dragonfly/v2/cdnsystem/storedriver/driver.go:224.47,226.36 1 0
d7y.io/dragonfly/v2/cdnsystem/storedriver/driver.go:229.2,229.31 1 0
d7y.io/dragonfly/v2/cdnsystem/storedriver/driver.go:226.36,228.3 1 0
d7y.io/dragonfly/v2/cdnsystem/storedriver/driver.go:235.61,236.43 1 0
d7y.io/dragonfly/v2/cdnsystem/storedriver/driver.go:239.2,239.29 1 0
d7y.io/dragonfly/v2/cdnsystem/storedriver/driver.go:236.43,238.3 1 0
d7y.io/dragonfly/v2/cdnsystem/storedriver/driver.go:244.45,246.2 1 0
d7y.io/dragonfly/v2/cdnsystem/storedriver/driver.go:248.49,250.2 1 0
d7y.io/dragonfly/v2/cdnsystem/storedriver/driver.go:252.63,254.2 1 0
d7y.io/dragonfly/v2/cdnsystem/storedriver/driver.go:257.60,259.2 1 0
d7y.io/dragonfly/v2/cdnsystem/storedriver/driver.go:261.45,263.2 1 0
d7y.io/dragonfly/v2/cdnsystem/storedriver/driver.go:265.36,266.48 1 0
d7y.io/dragonfly/v2/cdnsystem/storedriver/driver.go:269.2,269.12 1 0
d7y.io/dragonfly/v2/cdnsystem/storedriver/driver.go:266.48,268.3 1 0
d7y.io/dragonfly/v2/cdnsystem/storedriver/mock_driver.go:27.57,31.2 3 0
d7y.io/dragonfly/v2/cdnsystem/storedriver/mock_driver.go:34.55,36.2 1 0
d7y.io/dragonfly/v2/cdnsystem/storedriver/mock_driver.go:39.44,44.2 4 0
d7y.io/dragonfly/v2/cdnsystem/storedriver/mock_driver.go:47.64,50.2 2 0
d7y.io/dragonfly/v2/cdnsystem/storedriver/mock_driver.go:53.44,58.2 4 0
d7y.io/dragonfly/v2/cdnsystem/storedriver/mock_driver.go:61.72,64.2 2 0
d7y.io/dragonfly/v2/cdnsystem/storedriver/mock_driver.go:67.60,73.2 5 0
d7y.io/dragonfly/v2/cdnsystem/storedriver/mock_driver.go:76.70,79.2 2 0
d7y.io/dragonfly/v2/cdnsystem/storedriver/mock_driver.go:82.58,88.2 5 0
d7y.io/dragonfly/v2/cdnsystem/storedriver/mock_driver.go:91.64,94.2 2 0
d7y.io/dragonfly/v2/cdnsystem/storedriver/mock_driver.go:97.58,103.2 5 0
d7y.io/dragonfly/v2/cdnsystem/storedriver/mock_driver.go:106.75,109.2 2 0
d7y.io/dragonfly/v2/cdnsystem/storedriver/mock_driver.go:112.43,117.2 4 0
d7y.io/dragonfly/v2/cdnsystem/storedriver/mock_driver.go:120.62,123.2 2 0
d7y.io/dragonfly/v2/cdnsystem/storedriver/mock_driver.go:126.48,131.2 4 0
d7y.io/dragonfly/v2/cdnsystem/storedriver/mock_driver.go:134.74,137.2 2 0
d7y.io/dragonfly/v2/cdnsystem/storedriver/mock_driver.go:140.77,147.2 6 0
d7y.io/dragonfly/v2/cdnsystem/storedriver/mock_driver.go:150.71,153.2 2 0
d7y.io/dragonfly/v2/cdnsystem/storedriver/mock_driver.go:156.58,162.2 5 0
d7y.io/dragonfly/v2/cdnsystem/storedriver/mock_driver.go:165.64,168.2 2 0
d7y.io/dragonfly/v2/cdnsystem/storedriver/mock_driver.go:171.56,176.2 4 0
d7y.io/dragonfly/v2/cdnsystem/storedriver/mock_driver.go:179.81,182.2 2 0
d7y.io/dragonfly/v2/cdnsystem/storedriver/mock_driver.go:185.59,190.2 4 0
d7y.io/dragonfly/v2/cdnsystem/storedriver/mock_driver.go:193.76,196.2 2 0
d7y.io/dragonfly/v2/cdnsystem/storedriver/mock_driver.go:199.61,204.2 4 0
d7y.io/dragonfly/v2/cdnsystem/storedriver/mock_driver.go:207.81,210.2 2 0
d7y.io/dragonfly/v2/cdnsystem/storedriver/mock_driver.go:213.46,218.2 4 0
d7y.io/dragonfly/v2/cdnsystem/storedriver/mock_driver.go:221.73,224.2 2 0
d7y.io/dragonfly/v2/cdnsystem/storedriver/mock_driver.go:227.60,233.2 5 0
d7y.io/dragonfly/v2/cdnsystem/storedriver/mock_driver.go:236.71,239.2 2 0
d7y.io/dragonfly/v2/cdnsystem/storedriver/mock_driver.go:242.44,247.2 4 0
d7y.io/dragonfly/v2/cdnsystem/storedriver/mock_driver.go:250.71,253.2 2 0
d7y.io/dragonfly/v2/cdnsystem/storedriver/store_mgr.go:34.57,37.57 2 1
d7y.io/dragonfly/v2/cdnsystem/storedriver/store_mgr.go:52.2,52.76 1 1
d7y.io/dragonfly/v2/cdnsystem/storedriver/store_mgr.go:37.57,39.56 2 1
d7y.io/dragonfly/v2/cdnsystem/storedriver/store_mgr.go:43.3,43.35 1 1
d7y.io/dragonfly/v2/cdnsystem/storedriver/store_mgr.go:46.3,46.57 1 1
d7y.io/dragonfly/v2/cdnsystem/storedriver/store_mgr.go:50.3,50.45 1 1
d7y.io/dragonfly/v2/cdnsystem/storedriver/store_mgr.go:39.56,41.4 1 0
d7y.io/dragonfly/v2/cdnsystem/storedriver/store_mgr.go:43.35,45.4 1 0
d7y.io/dragonfly/v2/cdnsystem/storedriver/store_mgr.go:46.57,48.4 1 0
d7y.io/dragonfly/v2/cdnsystem/storedriver/store_mgr.go:56.38,58.9 2 2
d7y.io/dragonfly/v2/cdnsystem/storedriver/store_mgr.go:61.2,61.41 1 1
d7y.io/dragonfly/v2/cdnsystem/storedriver/store_mgr.go:58.9,60.3 1 1
d7y.io/dragonfly/v2/cdnsystem/storedriver/store_util.go:25.52,27.20 1 0
d7y.io/dragonfly/v2/cdnsystem/storedriver/store_util.go:30.2,30.20 1 0
d7y.io/dragonfly/v2/cdnsystem/storedriver/store_util.go:33.2,33.29 1 0
d7y.io/dragonfly/v2/cdnsystem/storedriver/store_util.go:37.2,37.44 1 0
d7y.io/dragonfly/v2/cdnsystem/storedriver/store_util.go:40.2,40.12 1 0
d7y.io/dragonfly/v2/cdnsystem/storedriver/store_util.go:27.20,29.3 1 0
d7y.io/dragonfly/v2/cdnsystem/storedriver/store_util.go:30.20,32.3 1 0
d7y.io/dragonfly/v2/cdnsystem/storedriver/store_util.go:33.29,35.3 1 0
d7y.io/dragonfly/v2/cdnsystem/storedriver/store_util.go:37.44,39.3 1 0
d7y.io/dragonfly/v2/cdnsystem/storedriver/store_util.go:44.34,45.20 1 0
d7y.io/dragonfly/v2/cdnsystem/storedriver/store_util.go:48.2,48.20 1 0
d7y.io/dragonfly/v2/cdnsystem/storedriver/store_util.go:51.2,51.12 1 0
d7y.io/dragonfly/v2/cdnsystem/storedriver/store_util.go:45.20,47.3 1 0
d7y.io/dragonfly/v2/cdnsystem/storedriver/store_util.go:48.20,50.3 1 0
d7y.io/dragonfly/v2/cdnsystem/storedriver/store_util.go:55.33,56.36 1 0
d7y.io/dragonfly/v2/cdnsystem/storedriver/store_util.go:59.2,59.12 1 0
d7y.io/dragonfly/v2/cdnsystem/storedriver/store_util.go:56.36,58.3 1 0
d7y.io/dragonfly/v2/cdnsystem/errors/errors.go:30.44,32.2 1 0
d7y.io/dragonfly/v2/cdnsystem/errors/errors.go:40.44,42.2 1 0
d7y.io/dragonfly/v2/cdnsystem/errors/errors.go:49.47,51.2 1 0
d7y.io/dragonfly/v2/cdnsystem/errors/errors.go:58.44,60.2 1 0
d7y.io/dragonfly/v2/cdnsystem/errors/errors.go:67.59,69.2 1 0
d7y.io/dragonfly/v2/cdnsystem/errors/errors.go:76.41,78.2 1 0
d7y.io/dragonfly/v2/cdnsystem/errors/errors.go:98.36,100.2 1 3
d7y.io/dragonfly/v2/cdnsystem/errors/errors.go:103.40,107.2 3 3
d7y.io/dragonfly/v2/cdnsystem/errors/errors.go:110.40,114.2 3 3
d7y.io/dragonfly/v2/cdnsystem/errors/errors.go:116.43,120.2 3 3
d7y.io/dragonfly/v2/cdnsystem/errors/errors.go:122.37,124.2 1 3
d7y.io/dragonfly/v2/cdnsystem/errors/errors.go:126.40,130.2 3 3
d7y.io/dragonfly/v2/cdnsystem/errors/errors.go:132.55,136.2 3 3
d7y.io/dragonfly/v2/cdnsystem/errors/errors.go:138.37,140.2 1 3
d7y.io/dragonfly/v2/cdnsystem/errors/errors.go:142.37,144.2 1 3
d7y.io/dragonfly/v2/cdnsystem/errors/errors.go:146.38,148.2 1 3
d7y.io/dragonfly/v2/cdnsystem/errors/errors.go:150.37,154.2 3 3
d7y.io/dragonfly/v2/cdnsystem/storedriver/local/local_driver.go:45.13,48.2 2 1
d7y.io/dragonfly/v2/cdnsystem/storedriver/local/local_driver.go:57.76,61.2 1 1
d7y.io/dragonfly/v2/cdnsystem/storedriver/local/local_driver.go:63.55,68.2 4 0
d7y.io/dragonfly/v2/cdnsystem/storedriver/local/local_driver.go:70.40,72.2 1 18
d7y.io/dragonfly/v2/cdnsystem/storedriver/local/local_driver.go:74.41,76.2 1 0
d7y.io/dragonfly/v2/cdnsystem/storedriver/local/local_driver.go:78.58,80.2 1 0
d7y.io/dragonfly/v2/cdnsystem/storedriver/local/local_driver.go:83.68,85.16 2 13
d7y.io/dragonfly/v2/cdnsystem/storedriver/local/local_driver.go:89.2,89.66 1 13
d7y.io/dragonfly/v2/cdnsystem/storedriver/local/local_driver.go:93.2,94.28 2 11
d7y.io/dragonfly/v2/cdnsystem/storedriver/local/local_driver.go:123.2,123.15 1 11
d7y.io/dragonfly/v2/cdnsystem/storedriver/local/local_driver.go:85.16,87.3 1 0
d7y.io/dragonfly/v2/cdnsystem/storedriver/local/local_driver.go:89.66,91.3 1 2
d7y.io/dragonfly/v2/cdnsystem/storedriver/local/local_driver.go:94.28,101.17 5 11
d7y.io/dragonfly/v2/cdnsystem/storedriver/local/local_driver.go:104.3,104.16 1 11
d7y.io/dragonfly/v2/cdnsystem/storedriver/local/local_driver.go:110.3,110.61 1 11
d7y.io/dragonfly/v2/cdnsystem/storedriver/local/local_driver.go:113.3,115.21 3 11
d7y.io/dragonfly/v2/cdnsystem/storedriver/local/local_driver.go:118.3,119.58 2 11
d7y.io/dragonfly/v2/cdnsystem/storedriver/local/local_driver.go:101.17,103.4 1 0
d7y.io/dragonfly/v2/cdnsystem/storedriver/local/local_driver.go:104.16,105.36 1 11
d7y.io/dragonfly/v2/cdnsystem/storedriver/local/local_driver.go:105.36,107.5 1 0
d7y.io/dragonfly/v2/cdnsystem/storedriver/local/local_driver.go:110.61,112.4 1 0
d7y.io/dragonfly/v2/cdnsystem/storedriver/local/local_driver.go:115.21,117.4 1 1
d7y.io/dragonfly/v2/cdnsystem/storedriver/local/local_driver.go:119.58,121.4 1 0
d7y.io/dragonfly/v2/cdnsystem/storedriver/local/local_driver.go:127.75,129.16 2 7
d7y.io/dragonfly/v2/cdnsystem/storedriver/local/local_driver.go:133.2,133.66 1 7
d7y.io/dragonfly/v2/cdnsystem/storedriver/local/local_driver.go:137.2,141.16 4 5
d7y.io/dragonfly/v2/cdnsystem/storedriver/local/local_driver.go:144.2,144.15 1 5
d7y.io/dragonfly/v2/cdnsystem/storedriver/local/local_driver.go:150.2,150.60 1 5
d7y.io/dragonfly/v2/cdnsystem/storedriver/local/local_driver.go:153.2,153.21 1 5
d7y.io/dragonfly/v2/cdnsystem/storedriver/local/local_driver.go:159.2,159.16 1 5
d7y.io/dragonfly/v2/cdnsystem/storedriver/local/local_driver.go:162.2,162.18 1 5
d7y.io/dragonfly/v2/cdnsystem/storedriver/local/local_driver.go:129.16,131.3 1 0
d7y.io/dragonfly/v2/cdnsystem/storedriver/local/local_driver.go:133.66,135.3 1 2
d7y.io/dragonfly/v2/cdnsystem/storedriver/local/local_driver.go:141.16,143.3 1 0
d7y.io/dragonfly/v2/cdnsystem/storedriver/local/local_driver.go:144.15,145.35 1 5
d7y.io/dragonfly/v2/cdnsystem/storedriver/local/local_driver.go:145.35,147.4 1 0
d7y.io/dragonfly/v2/cdnsystem/storedriver/local/local_driver.go:150.60,152.3 1 0
d7y.io/dragonfly/v2/cdnsystem/storedriver/local/local_driver.go:153.21,155.3 1 4
d7y.io/dragonfly/v2/cdnsystem/storedriver/local/local_driver.go:155.8,158.3 2 1
d7y.io/dragonfly/v2/cdnsystem/storedriver/local/local_driver.go:159.16,161.3 1 0
d7y.io/dragonfly/v2/cdnsystem/storedriver/local/local_driver.go:166.67,167.53 1 24
d7y.io/dragonfly/v2/cdnsystem/storedriver/local/local_driver.go:171.2,172.16 2 24
d7y.io/dragonfly/v2/cdnsystem/storedriver/local/local_driver.go:176.2,176.17 1 24
d7y.io/dragonfly/v2/cdnsystem/storedriver/local/local_driver.go:180.2,184.15 4 23
d7y.io/dragonfly/v2/cdnsystem/storedriver/local/local_driver.go:200.2,200.15 1 23
d7y.io/dragonfly/v2/cdnsystem/storedriver/local/local_driver.go:205.2,205.15 1 23
d7y.io/dragonfly/v2/cdnsystem/storedriver/local/local_driver.go:210.2,210.60 1 23
d7y.io/dragonfly/v2/cdnsystem/storedriver/local/local_driver.go:213.2,213.20 1 23
d7y.io/dragonfly/v2/cdnsystem/storedriver/local/local_driver.go:220.2,221.54 2 17
d7y.io/dragonfly/v2/cdnsystem/storedriver/local/local_driver.go:225.2,225.12 1 17
d7y.io/dragonfly/v2/cdnsystem/storedriver/local/local_driver.go:167.53,169.3 1 0
d7y.io/dragonfly/v2/cdnsystem/storedriver/local/local_driver.go:172.16,174.3 1 0
d7y.io/dragonfly/v2/cdnsystem/storedriver/local/local_driver.go:176.17,178.3 1 1
d7y.io/dragonfly/v2/cdnsystem/storedriver/local/local_driver.go:184.15,185.52 1 6
d7y.io/dragonfly/v2/cdnsystem/storedriver/local/local_driver.go:188.3,188.94 1 6
d7y.io/dragonfly/v2/cdnsystem/storedriver/local/local_driver.go:185.52,187.4 1 0
d7y.io/dragonfly/v2/cdnsystem/storedriver/local/local_driver.go:188.94,190.4 1 0
d7y.io/dragonfly/v2/cdnsystem/storedriver/local/local_driver.go:191.8,191.23 1 17
d7y.io/dragonfly/v2/cdnsystem/storedriver/local/local_driver.go:191.23,192.95 1 2
d7y.io/dragonfly/v2/cdnsystem/storedriver/local/local_driver.go:192.95,194.4 1 0
d7y.io/dragonfly/v2/cdnsystem/storedriver/local/local_driver.go:195.8,196.83 1 15
d7y.io/dragonfly/v2/cdnsystem/storedriver/local/local_driver.go:196.83,198.4 1 0
d7y.io/dragonfly/v2/cdnsystem/storedriver/local/local_driver.go:200.15,201.35 1 23
d7y.io/dragonfly/v2/cdnsystem/storedriver/local/local_driver.go:201.35,203.4 1 0
d7y.io/dragonfly/v2/cdnsystem/storedriver/local/local_driver.go:205.15,206.50 1 6
d7y.io/dragonfly/v2/cdnsystem/storedriver/local/local_driver.go:206.50,208.4 1 0
d7y.io/dragonfly/v2/cdnsystem/storedriver/local/local_driver.go:210.60,212.3 1 0
d7y.io/dragonfly/v2/cdnsystem/storedriver/local/local_driver.go:213.20,214.57 1 6
d7y.io/dragonfly/v2/cdnsystem/storedriver/local/local_driver.go:217.3,217.13 1 6
d7y.io/dragonfly/v2/cdnsystem/storedriver/local/local_driver.go:214.57,216.4 1 0
d7y.io/dragonfly/v2/cdnsystem/storedriver/local/local_driver.go:221.54,223.3 1 0
d7y.io/dragonfly/v2/cdnsystem/storedriver/local/local_driver.go:229.69,230.53 1 8
d7y.io/dragonfly/v2/cdnsystem/storedriver/local/local_driver.go:234.2,235.16 2 8
d7y.io/dragonfly/v2/cdnsystem/storedriver/local/local_driver.go:239.2,243.15 4 8
d7y.io/dragonfly/v2/cdnsystem/storedriver/local/local_driver.go:250.2,250.16 1 8
d7y.io/dragonfly/v2/cdnsystem/storedriver/local/local_driver.go:253.2,253.15 1 8
d7y.io/dragonfly/v2/cdnsystem/storedriver/local/local_driver.go:258.2,258.15 1 8
d7y.io/dragonfly/v2/cdnsystem/storedriver/local/local_driver.go:263.2,263.60 1 8
d7y.io/dragonfly/v2/cdnsystem/storedriver/local/local_driver.go:266.2,266.20 1 8
d7y.io/dragonfly/v2/cdnsystem/storedriver/local/local_driver.go:272.2,272.41 1 7
d7y.io/dragonfly/v2/cdnsystem/storedriver/local/local_driver.go:275.2,275.12 1 7
d7y.io/dragonfly/v2/cdnsystem/storedriver/local/local_driver.go:230.53,232.3 1 0
d7y.io/dragonfly/v2/cdnsystem/storedriver/local/local_driver.go:235.16,237.3 1 0
d7y.io/dragonfly/v2/cdnsystem/storedriver/local/local_driver.go:243.15,245.3 1 0
d7y.io/dragonfly/v2/cdnsystem/storedriver/local/local_driver.go:245.8,245.23 1 8
d7y.io/dragonfly/v2/cdnsystem/storedriver/local/local_driver.go:245.23,247.3 1 0
d7y.io/dragonfly/v2/cdnsystem/storedriver/local/local_driver.go:247.8,249.3 1 8
d7y.io/dragonfly/v2/cdnsystem/storedriver/local/local_driver.go:250.16,252.3 1 0
d7y.io/dragonfly/v2/cdnsystem/storedriver/local/local_driver.go:253.15,254.35 1 8
d7y.io/dragonfly/v2/cdnsystem/storedriver/local/local_driver.go:254.35,256.4 1 0
d7y.io/dragonfly/v2/cdnsystem/storedriver/local/local_driver.go:258.15,259.50 1 0
d7y.io/dragonfly/v2/cdnsystem/storedriver/local/local_driver.go:259.50,261.4 1 0
d7y.io/dragonfly/v2/cdnsystem/storedriver/local/local_driver.go:263.60,265.3 1 0
d7y.io/dragonfly/v2/cdnsystem/storedriver/local/local_driver.go:266.20,267.55 1 1
d7y.io/dragonfly/v2/cdnsystem/storedriver/local/local_driver.go:270.3,270.13 1 1
d7y.io/dragonfly/v2/cdnsystem/storedriver/local/local_driver.go:267.55,269.4 1 0
d7y.io/dragonfly/v2/cdnsystem/storedriver/local/local_driver.go:272.41,274.3 1 0
d7y.io/dragonfly/v2/cdnsystem/storedriver/local/local_driver.go:279.80,281.16 2 33
d7y.io/dragonfly/v2/cdnsystem/storedriver/local/local_driver.go:284.2,289.8 1 17
d7y.io/dragonfly/v2/cdnsystem/storedriver/local/local_driver.go:281.16,283.3 1 16
d7y.io/dragonfly/v2/cdnsystem/storedriver/local/local_driver.go:293.52,296.2 2 2
d7y.io/dragonfly/v2/cdnsystem/storedriver/local/local_driver.go:300.54,302.16 2 17
d7y.io/dragonfly/v2/cdnsystem/storedriver/local/local_driver.go:306.2,309.32 3 17
d7y.io/dragonfly/v2/cdnsystem/storedriver/local/local_driver.go:312.2,313.11 2 0
d7y.io/dragonfly/v2/cdnsystem/storedriver/local/local_driver.go:316.2,316.12 1 0
d7y.io/dragonfly/v2/cdnsystem/storedriver/local/local_driver.go:302.16,304.3 1 0
d7y.io/dragonfly/v2/cdnsystem/storedriver/local/local_driver.go:309.32,311.3 1 17
d7y.io/dragonfly/v2/cdnsystem/storedriver/local/local_driver.go:313.11,315.3 1 0
d7y.io/dragonfly/v2/cdnsystem/storedriver/local/local_driver.go:320.55,325.2 4 0
d7y.io/dragonfly/v2/cdnsystem/storedriver/local/local_driver.go:327.74,332.2 4 1
d7y.io/dragonfly/v2/cdnsystem/storedriver/local/local_driver.go:336.52,338.16 2 0
d7y.io/dragonfly/v2/cdnsystem/storedriver/local/local_driver.go:342.2,345.40 3 0
d7y.io/dragonfly/v2/cdnsystem/storedriver/local/local_driver.go:338.16,340.3 1 0
d7y.io/dragonfly/v2/cdnsystem/storedriver/local/local_driver.go:348.56,350.2 1 1
d7y.io/dragonfly/v2/cdnsystem/storedriver/local/local_driver.go:355.67,357.48 2 32
d7y.io/dragonfly/v2/cdnsystem/storedriver/local/local_driver.go:360.2,361.20 2 32
d7y.io/dragonfly/v2/cdnsystem/storedriver/local/local_driver.go:357.48,359.3 1 0
d7y.io/dragonfly/v2/cdnsystem/storedriver/local/local_driver.go:365.77,368.16 3 70
d7y.io/dragonfly/v2/cdnsystem/storedriver/local/local_driver.go:374.2,374.25 1 54
d7y.io/dragonfly/v2/cdnsystem/storedriver/local/local_driver.go:368.16,369.25 1 16
d7y.io/dragonfly/v2/cdnsystem/storedriver/local/local_driver.go:372.3,372.22 1 0
d7y.io/dragonfly/v2/cdnsystem/storedriver/local/local_driver.go:369.25,371.4 1 16
d7y.io/dragonfly/v2/cdnsystem/storedriver/local/local_driver.go:377.47,378.18 1 65
d7y.io/dragonfly/v2/cdnsystem/storedriver/local/local_driver.go:382.2,382.44 1 65
d7y.io/dragonfly/v2/cdnsystem/storedriver/local/local_driver.go:378.18,380.3 1 47
d7y.io/dragonfly/v2/cdnsystem/storedriver/local/local_driver.go:385.49,386.18 1 65
d7y.io/dragonfly/v2/cdnsystem/storedriver/local/local_driver.go:390.2,390.46 1 65
d7y.io/dragonfly/v2/cdnsystem/storedriver/local/local_driver.go:386.18,388.3 1 47
d7y.io/dragonfly/v2/cdnsystem/storedriver/local/local_driver.go:393.48,395.2 1 224
d7y.io/dragonfly/v2/cdnsystem/plugins/plugin_manager.go:25.27,30.2 1 3
d7y.io/dragonfly/v2/cdnsystem/plugins/plugin_manager.go:33.33,37.2 1 7
d7y.io/dragonfly/v2/cdnsystem/plugins/plugin_manager.go:96.78,97.14 1 8
d7y.io/dragonfly/v2/cdnsystem/plugins/plugin_manager.go:100.2,100.36 1 4
d7y.io/dragonfly/v2/cdnsystem/plugins/plugin_manager.go:97.14,99.3 1 4
d7y.io/dragonfly/v2/cdnsystem/plugins/plugin_manager.go:103.77,105.8 2 8
d7y.io/dragonfly/v2/cdnsystem/plugins/plugin_manager.go:108.2,108.19 1 6
d7y.io/dragonfly/v2/cdnsystem/plugins/plugin_manager.go:105.8,107.3 1 2
d7y.io/dragonfly/v2/cdnsystem/plugins/plugin_manager.go:111.64,113.2 1 2
d7y.io/dragonfly/v2/cdnsystem/plugins/plugin_manager.go:115.48,116.14 1 5
d7y.io/dragonfly/v2/cdnsystem/plugins/plugin_manager.go:119.2,119.45 1 5
d7y.io/dragonfly/v2/cdnsystem/plugins/plugin_manager.go:116.14,118.3 1 0
d7y.io/dragonfly/v2/cdnsystem/plugins/plugin_manager.go:122.75,124.9 2 5
d7y.io/dragonfly/v2/cdnsystem/plugins/plugin_manager.go:127.2,127.28 1 2
d7y.io/dragonfly/v2/cdnsystem/plugins/plugin_manager.go:124.9,126.3 1 3
d7y.io/dragonfly/v2/cdnsystem/plugins/plugin_manager.go:130.63,132.2 1 2
d7y.io/dragonfly/v2/cdnsystem/plugins/plugin_manager.go:144.81,145.17 1 13
d7y.io/dragonfly/v2/cdnsystem/plugins/plugin_manager.go:148.2,148.25 1 12
d7y.io/dragonfly/v2/cdnsystem/plugins/plugin_manager.go:151.2,153.12 3 5
d7y.io/dragonfly/v2/cdnsystem/plugins/plugin_manager.go:145.17,147.3 1 1
d7y.io/dragonfly/v2/cdnsystem/plugins/plugin_manager.go:148.25,150.3 1 7
d7y.io/dragonfly/v2/cdnsystem/plugins/plugin_manager.go:156.77,158.43 2 18
d7y.io/dragonfly/v2/cdnsystem/plugins/plugin_manager.go:161.2,161.19 1 13
d7y.io/dragonfly/v2/cdnsystem/plugins/plugin_manager.go:158.43,160.3 1 5
d7y.io/dragonfly/v2/cdnsystem/plugins/plugin_manager.go:164.60,167.2 2 5
d7y.io/dragonfly/v2/cdnsystem/plugins/plugin_manager.go:169.58,174.41 2 28
d7y.io/dragonfly/v2/cdnsystem/plugins/plugin_manager.go:178.2,179.42 2 7
d7y.io/dragonfly/v2/cdnsystem/plugins/plugin_manager.go:183.2,184.10 2 7
d7y.io/dragonfly/v2/cdnsystem/plugins/plugin_manager.go:174.41,176.3 1 21
d7y.io/dragonfly/v2/cdnsystem/plugins/plugin_manager.go:179.42,182.3 2 7
d7y.io/dragonfly/v2/cdnsystem/plugins/plugin_manager.go:191.48,192.16 1 18
d7y.io/dragonfly/v2/cdnsystem/plugins/plugin_manager.go:195.2,195.45 1 10
d7y.io/dragonfly/v2/cdnsystem/plugins/plugin_manager.go:200.2,200.14 1 3
d7y.io/dragonfly/v2/cdnsystem/plugins/plugin_manager.go:192.16,194.3 1 8
d7y.io/dragonfly/v2/cdnsystem/plugins/plugin_manager.go:195.45,196.27 1 17
d7y.io/dragonfly/v2/cdnsystem/plugins/plugin_manager.go:196.27,198.4 1 7
d7y.io/dragonfly/v2/cdnsystem/plugins/plugins.go:28.67,29.33 1 0
d7y.io/dragonfly/v2/cdnsystem/plugins/plugins.go:49.2,49.12 1 0
d7y.io/dragonfly/v2/cdnsystem/plugins/plugins.go:29.33,30.33 1 0
d7y.io/dragonfly/v2/cdnsystem/plugins/plugins.go:30.33,31.17 1 0
d7y.io/dragonfly/v2/cdnsystem/plugins/plugins.go:35.4,36.11 2 0
d7y.io/dragonfly/v2/cdnsystem/plugins/plugins.go:39.4,40.18 2 0
d7y.io/dragonfly/v2/cdnsystem/plugins/plugins.go:43.4,43.43 1 0
d7y.io/dragonfly/v2/cdnsystem/plugins/plugins.go:46.4,46.58 1 0
d7y.io/dragonfly/v2/cdnsystem/plugins/plugins.go:31.17,33.13 2 0
d7y.io/dragonfly/v2/cdnsystem/plugins/plugins.go:36.11,38.5 1 0
d7y.io/dragonfly/v2/cdnsystem/plugins/plugins.go:40.18,42.5 1 0
d7y.io/dragonfly/v2/cdnsystem/plugins/plugins.go:43.43,45.5 1 0
d7y.io/dragonfly/v2/cdnsystem/plugins/plugins.go:54.79,56.2 1 0
d7y.io/dragonfly/v2/cdnsystem/plugins/plugins.go:59.59,61.2 1 0
d7y.io/dragonfly/v2/client/clientutil/keepalive.go:37.42,42.2 1 0
d7y.io/dragonfly/v2/client/clientutil/keepalive.go:44.27,47.2 2 0
d7y.io/dragonfly/v2/client/clientutil/keepalive.go:49.52,54.2 3 0
d7y.io/dragonfly/v2/client/clientutil/peer.go:28.53,30.2 1 0
d7y.io/dragonfly/v2/client/clientutil/range.go:45.56,46.13 1 38
d7y.io/dragonfly/v2/client/clientutil/range.go:49.2,50.30 2 36
d7y.io/dragonfly/v2/client/clientutil/range.go:53.2,55.52 3 35
d7y.io/dragonfly/v2/client/clientutil/range.go:106.2,106.35 1 22
d7y.io/dragonfly/v2/client/clientutil/range.go:110.2,110.20 1 21
d7y.io/dragonfly/v2/client/clientutil/range.go:46.13,48.3 1 2
d7y.io/dragonfly/v2/client/clientutil/range.go:50.30,52.3 1 1
d7y.io/dragonfly/v2/client/clientutil/range.go:55.52,57.15 2 54
d7y.io/dragonfly/v2/client/clientutil/range.go:60.3,61.12 2 45
d7y.io/dragonfly/v2/client/clientutil/range.go:64.3,66.18 3 43
d7y.io/dragonfly/v2/client/clientutil/range.go:104.3,104.29 1 30
d7y.io/dragonfly/v2/client/clientutil/range.go:57.15,58.12 1 9
d7y.io/dragonfly/v2/client/clientutil/range.go:61.12,63.4 1 2
d7y.io/dragonfly/v2/client/clientutil/range.go:66.18,70.18 2 7
d7y.io/dragonfly/v2/client/clientutil/range.go:73.4,73.16 1 6
d7y.io/dragonfly/v2/client/clientutil/range.go:76.4,77.29 2 6
d7y.io/dragonfly/v2/client/clientutil/range.go:70.18,72.5 1 1
d7y.io/dragonfly/v2/client/clientutil/range.go:73.16,75.5 1 1
d7y.io/dragonfly/v2/client/clientutil/range.go:78.9,80.27 2 36
d7y.io/dragonfly/v2/client/clientutil/range.go:83.4,83.17 1 31
d7y.io/dragonfly/v2/client/clientutil/range.go:89.4,90.17 2 29
d7y.io/dragonfly/v2/client/clientutil/range.go:80.27,82.5 1 5
d7y.io/dragonfly/v2/client/clientutil/range.go:83.17,87.13 2 2
d7y.io/dragonfly/v2/client/clientutil/range.go:90.17,93.5 1 6
d7y.io/dragonfly/v2/client/clientutil/range.go:93.10,95.34 2 23
d7y.io/dragonfly/v2/client/clientutil/range.go:98.5,98.18 1 18
d7y.io/dragonfly/v2/client/clientutil/range.go:101.5,101.31 1 18
d7y.io/dragonfly/v2/client/clientutil/range.go:95.34,97.6 1 5
d7y.io/dragonfly/v2/client/clientutil/range.go:98.18,100.6 1 1
d7y.io/dragonfly/v2/client/clientutil/range.go:106.35,109.3 1 1
d7y.io/dragonfly/v2/client/clientutil/range.go:116.54,118.17 1 2
d7y.io/dragonfly/v2/client/clientutil/range.go:122.2,122.57 1 1
d7y.io/dragonfly/v2/client/clientutil/range.go:118.17,120.3 1 1
d7y.io/dragonfly/v2/client/clientutil/range.go:125.49,127.16 2 0
d7y.io/dragonfly/v2/client/clientutil/range.go:130.2,130.18 1 0
d7y.io/dragonfly/v2/client/clientutil/range.go:133.2,133.14 1 0
d7y.io/dragonfly/v2/client/clientutil/range.go:127.16,128.57 1 0
d7y.io/dragonfly/v2/client/clientutil/range.go:130.18,131.53 1 0
d7y.io/dragonfly/v2/client/clientutil/types.go:38.51,40.2 1 0
d7y.io/dragonfly/v2/client/clientutil/types.go:42.58,44.2 1 0
d7y.io/dragonfly/v2/client/clientutil/types.go:46.103,48.41 2 0
d7y.io/dragonfly/v2/client/clientutil/types.go:51.2,51.27 1 0
d7y.io/dragonfly/v2/client/clientutil/types.go:48.41,50.3 1 0
d7y.io/dragonfly/v2/client/clientutil/types.go:52.15,54.13 2 0
d7y.io/dragonfly/v2/client/clientutil/types.go:55.11,57.13 2 0
d7y.io/dragonfly/v2/client/clientutil/types.go:58.14,60.17 2 0
d7y.io/dragonfly/v2/client/clientutil/types.go:63.3,64.13 2 0
d7y.io/dragonfly/v2/client/clientutil/types.go:65.10,66.42 1 0
d7y.io/dragonfly/v2/client/clientutil/types.go:60.17,62.4 1 0
d7y.io/dragonfly/v2/client/clientutil/types.go:74.50,76.46 2 0
d7y.io/dragonfly/v2/client/clientutil/types.go:79.2,79.23 1 0
d7y.io/dragonfly/v2/client/clientutil/types.go:76.46,78.3 1 0
d7y.io/dragonfly/v2/client/clientutil/types.go:82.57,84.19 2 0
d7y.io/dragonfly/v2/client/clientutil/types.go:105.2,105.23 1 0
d7y.io/dragonfly/v2/client/clientutil/types.go:85.23,86.19 1 0
d7y.io/dragonfly/v2/client/clientutil/types.go:102.10,103.40 1 0
d7y.io/dragonfly/v2/client/clientutil/types.go:87.16,89.42 2 0
d7y.io/dragonfly/v2/client/clientutil/types.go:92.4,92.9 1 0
d7y.io/dragonfly/v2/client/clientutil/types.go:93.16,95.42 2 0
d7y.io/dragonfly/v2/client/clientutil/types.go:98.4,98.9 1 0
d7y.io/dragonfly/v2/client/clientutil/types.go:99.11,100.41 1 0
d7y.io/dragonfly/v2/client/clientutil/types.go:89.42,91.5 1 0
d7y.io/dragonfly/v2/client/clientutil/types.go:95.42,97.5 1 0
d7y.io/dragonfly/v2/client/clientutil/types.go:108.51,109.27 1 0
d7y.io/dragonfly/v2/client/clientutil/types.go:110.15,112.13 2 0
d7y.io/dragonfly/v2/client/clientutil/types.go:113.11,115.13 2 0
d7y.io/dragonfly/v2/client/clientutil/types.go:116.14,119.17 3 0
d7y.io/dragonfly/v2/client/clientutil/types.go:122.3,122.13 1 0
d7y.io/dragonfly/v2/client/clientutil/types.go:123.10,124.40 1 0
d7y.io/dragonfly/v2/client/clientutil/types.go:119.17,121.4 1 0
d7y.io/dragonfly/v2/client/clientutil/buffer.go:29.59,31.2 1 0
d7y.io/dragonfly/v2/client/clientutil/buffer.go:33.70,35.2 1 0
d7y.io/dragonfly/v2/cdnsystem/server/service/cdn_seed_server.go:47.95,52.2 1 0
d7y.io/dragonfly/v2/cdnsystem/server/service/cdn_seed_server.go:54.95,55.52 1 0
d7y.io/dragonfly/v2/cdnsystem/server/service/cdn_seed_server.go:58.2,60.17 3 0
d7y.io/dragonfly/v2/cdnsystem/server/service/cdn_seed_server.go:71.2,77.8 1 0
d7y.io/dragonfly/v2/cdnsystem/server/service/cdn_seed_server.go:55.52,57.3 1 0
d7y.io/dragonfly/v2/cdnsystem/server/service/cdn_seed_server.go:60.17,61.40 1 0
d7y.io/dragonfly/v2/cdnsystem/server/service/cdn_seed_server.go:64.3,64.39 1 0
d7y.io/dragonfly/v2/cdnsystem/server/service/cdn_seed_server.go:67.3,67.33 1 0
d7y.io/dragonfly/v2/cdnsystem/server/service/cdn_seed_server.go:61.40,63.4 1 0
d7y.io/dragonfly/v2/cdnsystem/server/service/cdn_seed_server.go:64.39,66.4 1 0
d7y.io/dragonfly/v2/cdnsystem/server/service/cdn_seed_server.go:67.33,69.4 1 0
d7y.io/dragonfly/v2/cdnsystem/server/service/cdn_seed_server.go:81.63,82.35 1 0
d7y.io/dragonfly/v2/cdnsystem/server/service/cdn_seed_server.go:85.2,85.37 1 0
d7y.io/dragonfly/v2/cdnsystem/server/service/cdn_seed_server.go:88.2,88.12 1 0
d7y.io/dragonfly/v2/cdnsystem/server/service/cdn_seed_server.go:82.35,84.3 1 0
d7y.io/dragonfly/v2/cdnsystem/server/service/cdn_seed_server.go:85.37,87.3 1 0
d7y.io/dragonfly/v2/cdnsystem/server/service/cdn_seed_server.go:91.133,92.15 1 0
d7y.io/dragonfly/v2/cdnsystem/server/service/cdn_seed_server.go:102.2,104.16 3 0
d7y.io/dragonfly/v2/cdnsystem/server/service/cdn_seed_server.go:108.2,110.16 2 0
d7y.io/dragonfly/v2/cdnsystem/server/service/cdn_seed_server.go:113.2,114.16 2 0
d7y.io/dragonfly/v2/cdnsystem/server/service/cdn_seed_server.go:117.2,118.31 2 0
d7y.io/dragonfly/v2/cdnsystem/server/service/cdn_seed_server.go:135.2,135.54 1 0
d7y.io/dragonfly/v2/cdnsystem/server/service/cdn_seed_server.go:138.2,144.12 2 0
d7y.io/dragonfly/v2/cdnsystem/server/service/cdn_seed_server.go:92.15,93.31 1 0
d7y.io/dragonfly/v2/cdnsystem/server/service/cdn_seed_server.go:97.3,97.17 1 0
d7y.io/dragonfly/v2/cdnsystem/server/service/cdn_seed_server.go:93.31,95.4 1 0
d7y.io/dragonfly/v2/cdnsystem/server/service/cdn_seed_server.go:97.17,100.4 1 0
d7y.io/dragonfly/v2/cdnsystem/server/service/cdn_seed_server.go:104.16,106.3 1 0
d7y.io/dragonfly/v2/cdnsystem/server/service/cdn_seed_server.go:110.16,112.3 1 0
d7y.io/dragonfly/v2/cdnsystem/server/service/cdn_seed_server.go:114.16,116.3 1 0
d7y.io/dragonfly/v2/cdnsystem/server/service/cdn_seed_server.go:118.31,134.3 1 0
d7y.io/dragonfly/v2/cdnsystem/server/service/cdn_seed_server.go:135.54,137.3 1 0
d7y.io/dragonfly/v2/cdnsystem/server/service/cdn_seed_server.go:147.133,148.15 1 0
d7y.io/dragonfly/v2/cdnsystem/server/service/cdn_seed_server.go:156.2,156.58 1 0
d7y.io/dragonfly/v2/cdnsystem/server/service/cdn_seed_server.go:159.2,161.16 3 0
d7y.io/dragonfly/v2/cdnsystem/server/service/cdn_seed_server.go:167.2,167.20 1 0
d7y.io/dragonfly/v2/cdnsystem/server/service/cdn_seed_server.go:170.2,171.16 2 0
d7y.io/dragonfly/v2/cdnsystem/server/service/cdn_seed_server.go:174.2,176.31 3 0
d7y.io/dragonfly/v2/cdnsystem/server/service/cdn_seed_server.go:190.2,198.8 1 0
d7y.io/dragonfly/v2/cdnsystem/server/service/cdn_seed_server.go:148.15,149.31 1 0
d7y.io/dragonfly/v2/cdnsystem/server/service/cdn_seed_server.go:152.3,152.17 1 0
d7y.io/dragonfly/v2/cdnsystem/server/service/cdn_seed_server.go:149.31,151.4 1 0
d7y.io/dragonfly/v2/cdnsystem/server/service/cdn_seed_server.go:152.17,154.4 1 0
d7y.io/dragonfly/v2/cdnsystem/server/service/cdn_seed_server.go:156.58,158.3 1 0
d7y.io/dragonfly/v2/cdnsystem/server/service/cdn_seed_server.go:161.16,162.36 1 0
d7y.io/dragonfly/v2/cdnsystem/server/service/cdn_seed_server.go:165.3,165.102 1 0
d7y.io/dragonfly/v2/cdnsystem/server/service/cdn_seed_server.go:162.36,164.4 1 0
d7y.io/dragonfly/v2/cdnsystem/server/service/cdn_seed_server.go:167.20,169.3 1 0
d7y.io/dragonfly/v2/cdnsystem/server/service/cdn_seed_server.go:171.16,173.3 1 0
d7y.io/dragonfly/v2/cdnsystem/server/service/cdn_seed_server.go:176.31,177.78 1 0
d7y.io/dragonfly/v2/cdnsystem/server/service/cdn_seed_server.go:177.78,187.4 2 0
d7y.io/dragonfly/v2/cdnsystem/server/service/cdn_seed_server.go:201.69,202.37 1 0
d7y.io/dragonfly/v2/cdnsystem/server/service/cdn_seed_server.go:205.2,205.37 1 0
d7y.io/dragonfly/v2/cdnsystem/server/service/cdn_seed_server.go:208.2,208.22 1 0
d7y.io/dragonfly/v2/cdnsystem/server/service/cdn_seed_server.go:211.2,211.19 1 0
d7y.io/dragonfly/v2/cdnsystem/server/service/cdn_seed_server.go:214.2,214.12 1 0
d7y.io/dragonfly/v2/cdnsystem/server/service/cdn_seed_server.go:202.37,204.3 1 0
d7y.io/dragonfly/v2/cdnsystem/server/service/cdn_seed_server.go:205.37,207.3 1 0
d7y.io/dragonfly/v2/cdnsystem/server/service/cdn_seed_server.go:208.22,210.3 1 0
d7y.io/dragonfly/v2/cdnsystem/server/service/cdn_seed_server.go:211.19,213.3 1 0
d7y.io/dragonfly/v2/client/config/flags.go:40.58,45.2 1 0
d7y.io/dragonfly/v2/client/config/flags.go:47.42,49.26 2 0
d7y.io/dragonfly/v2/client/config/flags.go:53.2,53.34 1 0
d7y.io/dragonfly/v2/client/config/flags.go:49.26,51.3 1 0
d7y.io/dragonfly/v2/client/config/flags.go:56.50,58.33 2 0
d7y.io/dragonfly/v2/client/config/flags.go:61.2,61.18 1 0
d7y.io/dragonfly/v2/client/config/flags.go:65.2,65.33 1 0
d7y.io/dragonfly/v2/client/config/flags.go:70.2,76.12 2 0
d7y.io/dragonfly/v2/client/config/flags.go:58.33,60.3 1 0
d7y.io/dragonfly/v2/client/config/flags.go:61.18,63.3 1 0
d7y.io/dragonfly/v2/client/config/flags.go:65.33,68.3 2 0
d7y.io/dragonfly/v2/client/config/flags.go:79.40,81.2 1 0
d7y.io/dragonfly/v2/client/config/flags.go:87.68,89.2 1 0
d7y.io/dragonfly/v2/client/config/flags.go:91.42,93.2 1 0
d7y.io/dragonfly/v2/client/config/flags.go:95.46,97.16 2 0
d7y.io/dragonfly/v2/client/config/flags.go:100.2,101.12 2 0
d7y.io/dragonfly/v2/client/config/flags.go:97.16,99.3 1 0
d7y.io/dragonfly/v2/client/config/flags.go:104.40,106.2 1 0
d7y.io/dragonfly/v2/client/config/flags.go:112.56,114.2 1 0
d7y.io/dragonfly/v2/client/config/flags.go:116.45,118.16 2 0
d7y.io/dragonfly/v2/client/config/flags.go:123.2,124.20 2 0
d7y.io/dragonfly/v2/client/config/flags.go:128.2,129.12 2 0
d7y.io/dragonfly/v2/client/config/flags.go:118.16,121.3 2 0
d7y.io/dragonfly/v2/client/config/flags.go:124.20,127.3 1 0
d7y.io/dragonfly/v2/client/config/flags.go:132.39,134.2 1 0
d7y.io/dragonfly/v2/client/config/flags.go:136.41,136.80 1 0
d7y.io/dragonfly/v2/client/config/peerhost.go:66.38,68.2 1 0
d7y.io/dragonfly/v2/client/config/peerhost.go:70.48,72.16 2 1
d7y.io/dragonfly/v2/client/config/peerhost.go:76.2,76.28 1 1
d7y.io/dragonfly/v2/client/config/peerhost.go:91.2,91.12 1 1
d7y.io/dragonfly/v2/client/config/peerhost.go:72.16,74.3 1 0
d7y.io/dragonfly/v2/client/config/peerhost.go:77.15,79.17 2 0
d7y.io/dragonfly/v2/client/config/peerhost.go:82.23,84.17 2 1
d7y.io/dragonfly/v2/client/config/peerhost.go:87.10,88.71 1 0
d7y.io/dragonfly/v2/client/config/peerhost.go:79.17,81.4 1 0
d7y.io/dragonfly/v2/client/config/peerhost.go:84.17,86.4 1 0
d7y.io/dragonfly/v2/client/config/peerhost.go:94.40,97.41 2 0
d7y.io/dragonfly/v2/client/config/peerhost.go:103.2,103.12 1 0
d7y.io/dragonfly/v2/client/config/peerhost.go:97.41,99.3 1 0
d7y.io/dragonfly/v2/client/config/peerhost.go:99.8,101.3 1 0
d7y.io/dragonfly/v2/client/config/peerhost.go:106.41,107.75 1 0
d7y.io/dragonfly/v2/client/config/peerhost.go:111.2,111.93 1 0
d7y.io/dragonfly/v2/client/config/peerhost.go:114.2,114.12 1 0
d7y.io/dragonfly/v2/client/config/peerhost.go:107.75,109.3 1 0
d7y.io/dragonfly/v2/client/config/peerhost.go:111.93,113.3 1 0
d7y.io/dragonfly/v2/client/config/peerhost.go:160.53,162.46 2 0
d7y.io/dragonfly/v2/client/config/peerhost.go:166.2,166.27 1 0
d7y.io/dragonfly/v2/client/config/peerhost.go:162.46,164.3 1 0
d7y.io/dragonfly/v2/client/config/peerhost.go:167.14,169.17 2 0
d7y.io/dragonfly/v2/client/config/peerhost.go:172.3,172.49 1 0
d7y.io/dragonfly/v2/client/config/peerhost.go:175.3,175.13 1 0
d7y.io/dragonfly/v2/client/config/peerhost.go:176.30,177.56 1 0
d7y.io/dragonfly/v2/client/config/peerhost.go:180.3,180.13 1 0
d7y.io/dragonfly/v2/client/config/peerhost.go:181.10,182.44 1 0
d7y.io/dragonfly/v2/client/config/peerhost.go:169.17,171.4 1 0
d7y.io/dragonfly/v2/client/config/peerhost.go:172.49,174.4 1 0
d7y.io/dragonfly/v2/client/config/peerhost.go:177.56,179.4 1 0
d7y.io/dragonfly/v2/client/config/peerhost.go:186.60,187.19 1 4
d7y.io/dragonfly/v2/client/config/peerhost.go:188.23,190.44 2 1
d7y.io/dragonfly/v2/client/config/peerhost.go:194.3,195.17 2 1
d7y.io/dragonfly/v2/client/config/peerhost.go:198.3,198.49 1 1
d7y.io/dragonfly/v2/client/config/peerhost.go:201.3,201.13 1 1
d7y.io/dragonfly/v2/client/config/peerhost.go:202.24,204.45 2 3
d7y.io/dragonfly/v2/client/config/peerhost.go:218.3,219.17 2 3
d7y.io/dragonfly/v2/client/config/peerhost.go:223.3,223.56 1 3
d7y.io/dragonfly/v2/client/config/peerhost.go:226.3,226.13 1 3
d7y.io/dragonfly/v2/client/config/peerhost.go:227.10,228.37 1 0
d7y.io/dragonfly/v2/client/config/peerhost.go:190.44,192.4 1 0
d7y.io/dragonfly/v2/client/config/peerhost.go:195.17,197.4 1 0
d7y.io/dragonfly/v2/client/config/peerhost.go:198.49,200.4 1 0
d7y.io/dragonfly/v2/client/config/peerhost.go:204.45,209.55 2 9
d7y.io/dragonfly/v2/client/config/peerhost.go:212.4,212.59 1 9
d7y.io/dragonfly/v2/client/config/peerhost.go:215.4,215.18 1 9
d7y.io/dragonfly/v2/client/config/peerhost.go:209.55,211.5 1 0
d7y.io/dragonfly/v2/client/config/peerhost.go:212.59,214.5 1 0
d7y.io/dragonfly/v2/client/config/peerhost.go:219.17,221.4 1 0
d7y.io/dragonfly/v2/client/config/peerhost.go:223.56,225.4 1 0
d7y.io/dragonfly/v2/client/config/peerhost.go:232.105,244.42 2 3
d7y.io/dragonfly/v2/client/config/peerhost.go:248.2,257.12 9 3
d7y.io/dragonfly/v2/client/config/peerhost.go:244.42,246.3 1 0
d7y.io/dragonfly/v2/client/config/peerhost.go:294.60,296.46 2 0
d7y.io/dragonfly/v2/client/config/peerhost.go:299.2,299.23 1 0
d7y.io/dragonfly/v2/client/config/peerhost.go:296.46,298.3 1 0
d7y.io/dragonfly/v2/client/config/peerhost.go:302.67,304.19 2 7
d7y.io/dragonfly/v2/client/config/peerhost.go:328.2,328.23 1 7
d7y.io/dragonfly/v2/client/config/peerhost.go:305.24,307.45 2 2
d7y.io/dragonfly/v2/client/config/peerhost.go:320.3,320.8 1 2
d7y.io/dragonfly/v2/client/config/peerhost.go:321.23,323.41 2 5
d7y.io/dragonfly/v2/client/config/peerhost.go:326.3,326.8 1 5
d7y.io/dragonfly/v2/client/config/peerhost.go:307.45,312.55 2 4
d7y.io/dragonfly/v2/client/config/peerhost.go:315.4,315.59 1 4
d7y.io/dragonfly/v2/client/config/peerhost.go:318.4,318.18 1 4
d7y.io/dragonfly/v2/client/config/peerhost.go:312.55,314.5 1 0
d7y.io/dragonfly/v2/client/config/peerhost.go:315.59,317.5 1 0
d7y.io/dragonfly/v2/client/config/peerhost.go:323.41,325.4 1 0
d7y.io/dragonfly/v2/client/config/peerhost.go:331.61,332.27 1 7
d7y.io/dragonfly/v2/client/config/peerhost.go:333.11,335.13 2 5
d7y.io/dragonfly/v2/client/config/peerhost.go:336.15,338.13 2 0
d7y.io/dragonfly/v2/client/config/peerhost.go:339.30,340.34 1 2
d7y.io/dragonfly/v2/client/config/peerhost.go:352.3,352.32 1 2
d7y.io/dragonfly/v2/client/config/peerhost.go:362.3,362.13 1 2
d7y.io/dragonfly/v2/client/config/peerhost.go:363.10,364.36 1 0
d7y.io/dragonfly/v2/client/config/peerhost.go:340.34,341.29 1 2
d7y.io/dragonfly/v2/client/config/peerhost.go:342.17,343.25 1 0
d7y.io/dragonfly/v2/client/config/peerhost.go:344.13,345.20 1 2
d7y.io/dragonfly/v2/client/config/peerhost.go:346.12,347.44 1 0
d7y.io/dragonfly/v2/client/config/peerhost.go:349.9,351.4 1 0
d7y.io/dragonfly/v2/client/config/peerhost.go:352.32,353.27 1 2
d7y.io/dragonfly/v2/client/config/peerhost.go:354.17,355.21 1 0
d7y.io/dragonfly/v2/client/config/peerhost.go:356.13,357.16 1 2
d7y.io/dragonfly/v2/client/config/peerhost.go:358.12,359.42 1 0
d7y.io/dragonfly/v2/client/config/peerhost.go:398.52,401.16 3 0
d7y.io/dragonfly/v2/client/config/peerhost.go:405.2,406.16 2 0
d7y.io/dragonfly/v2/client/config/peerhost.go:409.2,411.12 3 0
d7y.io/dragonfly/v2/client/config/peerhost.go:401.16,403.3 1 0
d7y.io/dragonfly/v2/client/config/peerhost.go:406.16,408.3 1 0
d7y.io/dragonfly/v2/client/config/peerhost.go:414.59,416.19 2 0
d7y.io/dragonfly/v2/client/config/peerhost.go:425.2,426.16 2 0
d7y.io/dragonfly/v2/client/config/peerhost.go:429.2,431.12 3 0
d7y.io/dragonfly/v2/client/config/peerhost.go:417.23,418.41 1 0
d7y.io/dragonfly/v2/client/config/peerhost.go:421.10,422.42 1 0
d7y.io/dragonfly/v2/client/config/peerhost.go:418.41,420.4 1 0
d7y.io/dragonfly/v2/client/config/peerhost.go:426.16,428.3 1 0
d7y.io/dragonfly/v2/client/config/peerhost.go:444.51,447.16 3 0
d7y.io/dragonfly/v2/client/config/peerhost.go:450.2,451.49 2 0
d7y.io/dragonfly/v2/client/config/peerhost.go:454.2,455.16 2 0
d7y.io/dragonfly/v2/client/config/peerhost.go:458.2,462.12 2 0
d7y.io/dragonfly/v2/client/config/peerhost.go:447.16,449.3 1 0
d7y.io/dragonfly/v2/client/config/peerhost.go:451.49,453.3 1 0
d7y.io/dragonfly/v2/client/config/peerhost.go:455.16,457.3 1 0
d7y.io/dragonfly/v2/client/config/peerhost.go:481.50,482.14 1 0
d7y.io/dragonfly/v2/client/config/peerhost.go:485.2,488.20 2 0
d7y.io/dragonfly/v2/client/config/peerhost.go:491.2,491.12 1 0
d7y.io/dragonfly/v2/client/config/peerhost.go:482.14,484.3 1 0
d7y.io/dragonfly/v2/client/config/peerhost.go:488.20,490.3 1 0
d7y.io/dragonfly/v2/client/config/peerhost.go:500.45,501.47 1 0
d7y.io/dragonfly/v2/client/config/peerhost.go:501.47,501.78 1 0
d7y.io/dragonfly/v2/client/config/peerhost.go:505.70,507.2 1 4
d7y.io/dragonfly/v2/client/config/peerhost.go:510.45,512.2 1 0
d7y.io/dragonfly/v2/client/config/peerhost.go:515.50,517.2 1 0
d7y.io/dragonfly/v2/client/config/peerhost.go:519.66,521.38 2 4
d7y.io/dragonfly/v2/client/config/peerhost.go:525.2,526.16 2 4
d7y.io/dragonfly/v2/client/config/peerhost.go:530.2,531.12 2 4
d7y.io/dragonfly/v2/client/config/peerhost.go:521.38,523.3 1 0
d7y.io/dragonfly/v2/client/config/peerhost.go:526.16,528.3 1 0
d7y.io/dragonfly/v2/client/config/peerhost.go:542.51,543.48 1 0
d7y.io/dragonfly/v2/client/config/peerhost.go:543.48,543.79 1 0
d7y.io/dragonfly/v2/client/config/peerhost.go:547.76,549.2 1 3
d7y.io/dragonfly/v2/client/config/peerhost.go:552.51,554.2 1 0
d7y.io/dragonfly/v2/client/config/peerhost.go:557.56,559.2 1 0
d7y.io/dragonfly/v2/client/config/peerhost.go:561.72,562.45 1 3
d7y.io/dragonfly/v2/client/config/peerhost.go:566.2,567.16 2 3
d7y.io/dragonfly/v2/client/config/peerhost.go:571.2,572.12 2 3
d7y.io/dragonfly/v2/client/config/peerhost.go:562.45,564.3 1 0
d7y.io/dragonfly/v2/client/config/peerhost.go:567.16,569.3 1 0
d7y.io/dragonfly/v2/client/config/peerhost.go:577.65,578.21 1 3
d7y.io/dragonfly/v2/client/config/peerhost.go:582.2,583.26 2 1
d7y.io/dragonfly/v2/client/config/peerhost.go:592.2,592.19 1 1
d7y.io/dragonfly/v2/client/config/peerhost.go:578.21,580.3 1 2
d7y.io/dragonfly/v2/client/config/peerhost.go:583.26,585.17 2 2
d7y.io/dragonfly/v2/client/config/peerhost.go:588.3,588.38 1 2
d7y.io/dragonfly/v2/client/config/peerhost.go:585.17,587.4 1 0
d7y.io/dragonfly/v2/client/config/peerhost.go:588.38,590.4 1 0
d7y.io/dragonfly/v2/client/config/peerhost.go:605.89,607.16 2 0
d7y.io/dragonfly/v2/client/config/peerhost.go:611.2,616.8 1 0
d7y.io/dragonfly/v2/client/config/peerhost.go:607.16,609.3 1 0
d7y.io/dragonfly/v2/client/config/peerhost.go:620.40,622.2 1 0
d7y.io/dragonfly/v2/client/config/peerhost.go:630.45,632.16 2 2
d7y.io/dragonfly/v2/client/config/peerhost.go:635.2,635.24 1 2
d7y.io/dragonfly/v2/client/config/peerhost.go:632.16,634.3 1 0
d7y.io/dragonfly/v2/client/config/peerhost.go:639.73,641.2 1 8
d7y.io/dragonfly/v2/client/config/peerhost.go:644.48,645.47 1 0
d7y.io/dragonfly/v2/client/config/peerhost.go:645.47,645.78 1 0
d7y.io/dragonfly/v2/client/config/peerhost.go:648.69,650.38 2 8
d7y.io/dragonfly/v2/client/config/peerhost.go:653.2,654.16 2 8
d7y.io/dragonfly/v2/client/config/peerhost.go:657.2,657.12 1 8
d7y.io/dragonfly/v2/client/config/peerhost.go:650.38,652.3 1 0
d7y.io/dragonfly/v2/client/config/peerhost.go:654.16,656.3 1 8
d7y.io/dragonfly/v2/client/config/peerhost.go:661.48,663.2 1 0
d7y.io/dragonfly/v2/client/config/peerhost.go:666.53,668.2 1 0
d7y.io/dragonfly/v2/client/config/deprecated.go:37.44,39.29 2 0
d7y.io/dragonfly/v2/client/config/deprecated.go:42.2,42.34 1 0
d7y.io/dragonfly/v2/client/config/deprecated.go:39.29,41.3 1 0
d7y.io/dragonfly/v2/client/config/deprecated.go:46.52,48.26 2 0
d7y.io/dragonfly/v2/client/config/deprecated.go:64.2,64.12 1 0
d7y.io/dragonfly/v2/client/config/deprecated.go:48.26,50.32 2 0
d7y.io/dragonfly/v2/client/config/deprecated.go:54.3,56.19 3 0
d7y.io/dragonfly/v2/client/config/deprecated.go:59.3,59.19 1 0
d7y.io/dragonfly/v2/client/config/deprecated.go:62.3,62.36 1 0
d7y.io/dragonfly/v2/client/config/deprecated.go:50.32,52.4 1 0
d7y.io/dragonfly/v2/client/config/deprecated.go:56.19,58.4 1 0
d7y.io/dragonfly/v2/client/config/deprecated.go:59.19,61.4 1 0
d7y.io/dragonfly/v2/client/config/deprecated.go:68.42,70.2 1 0
d7y.io/dragonfly/v2/client/config/dfget.go:112.37,114.2 1 0
d7y.io/dragonfly/v2/client/config/dfget.go:116.43,117.16 1 0
d7y.io/dragonfly/v2/client/config/dfget.go:121.2,121.35 1 0
d7y.io/dragonfly/v2/client/config/dfget.go:125.2,125.42 1 0
d7y.io/dragonfly/v2/client/config/dfget.go:129.2,129.12 1 0
d7y.io/dragonfly/v2/client/config/dfget.go:117.16,119.3 1 0
d7y.io/dragonfly/v2/client/config/dfget.go:121.35,123.3 1 0
d7y.io/dragonfly/v2/client/config/dfget.go:125.42,127.3 1 0
d7y.io/dragonfly/v2/client/config/dfget.go:132.55,135.60 2 0
d7y.io/dragonfly/v2/client/config/dfget.go:139.2,139.36 1 0
d7y.io/dragonfly/v2/client/config/dfget.go:143.2,143.22 1 0
d7y.io/dragonfly/v2/client/config/dfget.go:147.2,147.17 1 0
d7y.io/dragonfly/v2/client/config/dfget.go:151.2,151.12 1 0
d7y.io/dragonfly/v2/client/config/dfget.go:135.60,137.3 1 0
d7y.io/dragonfly/v2/client/config/dfget.go:139.36,141.3 1 0
d7y.io/dragonfly/v2/client/config/dfget.go:143.22,145.3 1 0
d7y.io/dragonfly/v2/client/config/dfget.go:147.17,149.3 1 0
d7y.io/dragonfly/v2/client/config/dfget.go:154.42,157.2 2 0
d7y.io/dragonfly/v2/client/config/dfget.go:160.46,161.37 1 0
d7y.io/dragonfly/v2/client/config/dfget.go:170.2,170.33 1 0
d7y.io/dragonfly/v2/client/config/dfget.go:178.2,179.75 2 0
d7y.io/dragonfly/v2/client/config/dfget.go:183.2,183.60 1 0
d7y.io/dragonfly/v2/client/config/dfget.go:188.2,188.76 1 0
d7y.io/dragonfly/v2/client/config/dfget.go:195.2,195.12 1 0
d7y.io/dragonfly/v2/client/config/dfget.go:161.37,164.14 3 0
d7y.io/dragonfly/v2/client/config/dfget.go:167.3,167.27 1 0
d7y.io/dragonfly/v2/client/config/dfget.go:164.14,166.4 1 0
d7y.io/dragonfly/v2/client/config/dfget.go:170.33,172.17 2 0
d7y.io/dragonfly/v2/client/config/dfget.go:175.3,175.23 1 0
d7y.io/dragonfly/v2/client/config/dfget.go:172.17,174.4 1 0
d7y.io/dragonfly/v2/client/config/dfget.go:179.75,181.3 1 0
d7y.io/dragonfly/v2/client/config/dfget.go:183.60,185.3 1 0
d7y.io/dragonfly/v2/client/config/dfget.go:188.76,189.61 1 0
d7y.io/dragonfly/v2/client/config/dfget.go:189.61,190.9 1 0
d7y.io/dragonfly/v2/client/config/dfget.go:191.9,191.48 1 0
d7y.io/dragonfly/v2/client/config/dfget.go:191.48,193.4 1 0
d7y.io/dragonfly/v2/client/config/dfget.go:202.65,210.6 3 7
d7y.io/dragonfly/v2/client/config/dfget.go:229.2,229.20 1 7
d7y.io/dragonfly/v2/client/config/dfget.go:233.2,234.16 2 4
d7y.io/dragonfly/v2/client/config/dfget.go:240.2,240.25 1 4
d7y.io/dragonfly/v2/client/config/dfget.go:247.2,247.12 1 4
d7y.io/dragonfly/v2/client/config/dfget.go:210.6,211.19 1 15
d7y.io/dragonfly/v2/client/config/dfget.go:214.3,216.17 2 15
d7y.io/dragonfly/v2/client/config/dfget.go:219.3,219.25 1 8
d7y.io/dragonfly/v2/client/config/dfget.go:225.3,225.28 1 8
d7y.io/dragonfly/v2/client/config/dfget.go:211.19,212.9 1 0
d7y.io/dragonfly/v2/client/config/dfget.go:216.17,217.9 1 7
d7y.io/dragonfly/v2/client/config/dfget.go:219.25,221.4 1 8
d7y.io/dragonfly/v2/client/config/dfget.go:221.9,224.4 2 0
d7y.io/dragonfly/v2/client/config/dfget.go:229.20,231.3 1 3
d7y.io/dragonfly/v2/client/config/dfget.go:234.16,237.3 2 0
d7y.io/dragonfly/v2/client/config/dfget.go:240.25,242.17 2 8
d7y.io/dragonfly/v2/client/config/dfget.go:242.17,245.4 2 0
d7y.io/dragonfly/v2/cdnsystem/daemon/task/manager.go:52.113,64.2 4 1
d7y.io/dragonfly/v2/cdnsystem/daemon/task/manager.go:66.129,68.16 2 0
d7y.io/dragonfly/v2/cdnsystem/daemon/task/manager.go:72.2,75.70 2 0
d7y.io/dragonfly/v2/cdnsystem/daemon/task/manager.go:80.2,80.59 1 0
d7y.io/dragonfly/v2/cdnsystem/daemon/task/manager.go:83.2,85.59 2 0
d7y.io/dragonfly/v2/cdnsystem/daemon/task/manager.go:68.16,71.3 2 0
d7y.io/dragonfly/v2/cdnsystem/daemon/task/manager.go:75.70,77.3 1 0
d7y.io/dragonfly/v2/cdnsystem/daemon/task/manager.go:80.59,82.3 1 0
d7y.io/dragonfly/v2/cdnsystem/daemon/task/manager.go:89.90,91.22 2 0
d7y.io/dragonfly/v2/cdnsystem/daemon/task/manager.go:96.2,101.22 4 0
d7y.io/dragonfly/v2/cdnsystem/daemon/task/manager.go:105.2,105.19 1 0
d7y.io/dragonfly/v2/cdnsystem/daemon/task/manager.go:110.2,113.16 2 0
d7y.io/dragonfly/v2/cdnsystem/daemon/task/manager.go:117.2,117.12 1 0
d7y.io/dragonfly/v2/cdnsystem/daemon/task/manager.go:134.2,134.12 1 0
d7y.io/dragonfly/v2/cdnsystem/daemon/task/manager.go:91.22,95.3 3 0
d7y.io/dragonfly/v2/cdnsystem/daemon/task/manager.go:101.22,104.3 2 0
d7y.io/dragonfly/v2/cdnsystem/daemon/task/manager.go:105.19,108.3 2 0
d7y.io/dragonfly/v2/cdnsystem/daemon/task/manager.go:113.16,115.3 1 0
d7y.io/dragonfly/v2/cdnsystem/daemon/task/manager.go:117.12,119.17 2 0
d7y.io/dragonfly/v2/cdnsystem/daemon/task/manager.go:122.3,122.13 1 0
d7y.io/dragonfly/v2/cdnsystem/daemon/task/manager.go:128.3,129.17 2 0
d7y.io/dragonfly/v2/cdnsystem/daemon/task/manager.go:132.3,132.100 1 0
d7y.io/dragonfly/v2/cdnsystem/daemon/task/manager.go:119.17,121.4 1 0
d7y.io/dragonfly/v2/cdnsystem/daemon/task/manager.go:122.13,123.87 1 0
d7y.io/dragonfly/v2/cdnsystem/daemon/task/manager.go:123.87,125.5 1 0
d7y.io/dragonfly/v2/cdnsystem/daemon/task/manager.go:129.17,131.4 1 0
d7y.io/dragonfly/v2/cdnsystem/daemon/task/manager.go:137.68,138.33 1 0
d7y.io/dragonfly/v2/cdnsystem/daemon/task/manager.go:142.2,143.16 2 0
d7y.io/dragonfly/v2/cdnsystem/daemon/task/manager.go:150.2,150.65 1 0
d7y.io/dragonfly/v2/cdnsystem/daemon/task/manager.go:154.2,154.41 1 0
d7y.io/dragonfly/v2/cdnsystem/daemon/task/manager.go:157.2,157.79 1 0
d7y.io/dragonfly/v2/cdnsystem/daemon/task/manager.go:138.33,140.3 1 0
d7y.io/dragonfly/v2/cdnsystem/daemon/task/manager.go:143.16,144.52 1 0
d7y.io/dragonfly/v2/cdnsystem/daemon/task/manager.go:147.3,147.18 1 0
d7y.io/dragonfly/v2/cdnsystem/daemon/task/manager.go:144.52,146.4 1 0
d7y.io/dragonfly/v2/cdnsystem/daemon/task/manager.go:150.65,152.3 1 0
d7y.io/dragonfly/v2/cdnsystem/daemon/task/manager.go:154.41,156.3 1 0
d7y.io/dragonfly/v2/cdnsystem/daemon/task/manager.go:160.63,162.2 1 0
d7y.io/dragonfly/v2/cdnsystem/daemon/task/manager.go:164.61,166.2 1 0
d7y.io/dragonfly/v2/cdnsystem/daemon/task/manager.go:168.47,174.2 5 0
d7y.io/dragonfly/v2/cdnsystem/daemon/task/manager.go:176.105,180.2 3 0
d7y.io/dragonfly/v2/cdnsystem/daemon/task/manager.go:188.31,194.16 5 0
d7y.io/dragonfly/v2/cdnsystem/daemon/task/manager.go:199.2,201.33 3 0
d7y.io/dragonfly/v2/cdnsystem/daemon/task/manager.go:217.2,217.70 1 0
d7y.io/dragonfly/v2/cdnsystem/daemon/task/manager.go:220.2,221.12 2 0
d7y.io/dragonfly/v2/cdnsystem/daemon/task/manager.go:194.16,196.3 1 0
d7y.io/dragonfly/v2/cdnsystem/daemon/task/manager.go:201.33,203.17 2 0
d7y.io/dragonfly/v2/cdnsystem/daemon/task/manager.go:207.3,207.48 1 0
d7y.io/dragonfly/v2/cdnsystem/daemon/task/manager.go:211.3,213.21 3 0
d7y.io/dragonfly/v2/cdnsystem/daemon/task/manager.go:203.17,205.12 2 0
d7y.io/dragonfly/v2/cdnsystem/daemon/task/manager.go:207.48,208.12 1 0
d7y.io/dragonfly/v2/cdnsystem/daemon/task/manager.go:217.70,219.3 1 0
d7y.io/dragonfly/v2/cdnsystem/daemon/task/manager_util.go:41.118,43.27 2 0
d7y.io/dragonfly/v2/cdnsystem/daemon/task/manager_util.go:46.2,49.68 4 0
d7y.io/dragonfly/v2/cdnsystem/daemon/task/manager_util.go:61.2,72.52 3 0
d7y.io/dragonfly/v2/cdnsystem/daemon/task/manager_util.go:84.2,84.51 1 0
d7y.io/dragonfly/v2/cdnsystem/daemon/task/manager_util.go:89.2,92.16 4 0
d7y.io/dragonfly/v2/cdnsystem/daemon/task/manager_util.go:101.2,105.27 3 0
d7y.io/dragonfly/v2/cdnsystem/daemon/task/manager_util.go:110.2,110.25 1 0
d7y.io/dragonfly/v2/cdnsystem/daemon/task/manager_util.go:114.2,116.18 3 0
d7y.io/dragonfly/v2/cdnsystem/daemon/task/manager_util.go:43.27,45.3 1 0
d7y.io/dragonfly/v2/cdnsystem/daemon/task/manager_util.go:49.68,50.118 1 0
d7y.io/dragonfly/v2/cdnsystem/daemon/task/manager_util.go:57.3,58.71 2 0
d7y.io/dragonfly/v2/cdnsystem/daemon/task/manager_util.go:50.118,52.91 2 0
d7y.io/dragonfly/v2/cdnsystem/daemon/task/manager_util.go:52.91,55.5 1 0
d7y.io/dragonfly/v2/cdnsystem/daemon/task/manager_util.go:72.52,74.38 2 0
d7y.io/dragonfly/v2/cdnsystem/daemon/task/manager_util.go:77.3,78.56 2 0
d7y.io/dragonfly/v2/cdnsystem/daemon/task/manager_util.go:74.38,76.4 1 0
d7y.io/dragonfly/v2/cdnsystem/daemon/task/manager_util.go:79.8,82.3 2 0
d7y.io/dragonfly/v2/cdnsystem/daemon/task/manager_util.go:84.51,86.3 1 0
d7y.io/dragonfly/v2/cdnsystem/daemon/task/manager_util.go:92.16,95.39 2 0
d7y.io/dragonfly/v2/cdnsystem/daemon/task/manager_util.go:95.39,98.4 2 0
d7y.io/dragonfly/v2/cdnsystem/daemon/task/manager_util.go:105.27,107.3 1 0
d7y.io/dragonfly/v2/cdnsystem/daemon/task/manager_util.go:110.25,113.3 2 0
d7y.io/dragonfly/v2/cdnsystem/daemon/task/manager_util.go:120.103,121.33 1 0
d7y.io/dragonfly/v2/cdnsystem/daemon/task/manager_util.go:125.2,125.27 1 0
d7y.io/dragonfly/v2/cdnsystem/daemon/task/manager_util.go:129.2,129.51 1 0
d7y.io/dragonfly/v2/cdnsystem/daemon/task/manager_util.go:133.2,134.16 2 0
d7y.io/dragonfly/v2/cdnsystem/daemon/task/manager_util.go:138.2,138.33 1 0
d7y.io/dragonfly/v2/cdnsystem/daemon/task/manager_util.go:152.2,152.39 1 0
d7y.io/dragonfly/v2/cdnsystem/daemon/task/manager_util.go:156.2,156.56 1 0
d7y.io/dragonfly/v2/cdnsystem/daemon/task/manager_util.go:160.2,160.55 1 0
d7y.io/dragonfly/v2/cdnsystem/daemon/task/manager_util.go:163.2,164.41 2 0
d7y.io/dragonfly/v2/cdnsystem/daemon/task/manager_util.go:168.2,168.21 1 0
d7y.io/dragonfly/v2/cdnsystem/daemon/task/manager_util.go:171.2,172.18 2 0
d7y.io/dragonfly/v2/cdnsystem/daemon/task/manager_util.go:121.33,123.3 1 0
d7y.io/dragonfly/v2/cdnsystem/daemon/task/manager_util.go:125.27,127.3 1 0
d7y.io/dragonfly/v2/cdnsystem/daemon/task/manager_util.go:129.51,131.3 1 0
d7y.io/dragonfly/v2/cdnsystem/daemon/task/manager_util.go:134.16,136.3 1 0
d7y.io/dragonfly/v2/cdnsystem/daemon/task/manager_util.go:138.33,140.23 1 0
d7y.io/dragonfly/v2/cdnsystem/daemon/task/manager_util.go:146.3,147.19 2 0
d7y.io/dragonfly/v2/cdnsystem/daemon/task/manager_util.go:140.23,142.4 1 0
d7y.io/dragonfly/v2/cdnsystem/daemon/task/manager_util.go:152.39,154.3 1 0
d7y.io/dragonfly/v2/cdnsystem/daemon/task/manager_util.go:156.56,158.3 1 0
d7y.io/dragonfly/v2/cdnsystem/daemon/task/manager_util.go:160.55,162.3 1 0
d7y.io/dragonfly/v2/cdnsystem/daemon/task/manager_util.go:164.41,167.3 2 0
d7y.io/dragonfly/v2/cdnsystem/daemon/task/manager_util.go:168.21,170.3 1 0
d7y.io/dragonfly/v2/cdnsystem/daemon/task/manager_util.go:176.52,177.20 1 0
d7y.io/dragonfly/v2/cdnsystem/daemon/task/manager_util.go:180.2,180.36 1 0
d7y.io/dragonfly/v2/cdnsystem/daemon/task/manager_util.go:184.2,184.86 1 0
d7y.io/dragonfly/v2/cdnsystem/daemon/task/manager_util.go:190.2,190.89 1 0
d7y.io/dragonfly/v2/cdnsystem/daemon/task/manager_util.go:194.2,194.13 1 0
d7y.io/dragonfly/v2/cdnsystem/daemon/task/manager_util.go:177.20,179.3 1 0
d7y.io/dragonfly/v2/cdnsystem/daemon/task/manager_util.go:180.36,182.3 1 0
d7y.io/dragonfly/v2/cdnsystem/daemon/task/manager_util.go:184.86,185.43 1 0
d7y.io/dragonfly/v2/cdnsystem/daemon/task/manager_util.go:185.43,187.4 1 0
d7y.io/dragonfly/v2/cdnsystem/daemon/task/manager_util.go:190.89,192.3 1 0
d7y.io/dragonfly/v2/cdnsystem/daemon/task/manager_util.go:201.43,202.44 1 0
d7y.io/dragonfly/v2/cdnsystem/daemon/task/manager_util.go:206.2,208.43 3 0
d7y.io/dragonfly/v2/cdnsystem/daemon/task/manager_util.go:211.2,211.22 1 0
d7y.io/dragonfly/v2/cdnsystem/daemon/task/manager_util.go:202.44,204.3 1 0
d7y.io/dragonfly/v2/cdnsystem/daemon/task/manager_util.go:208.43,210.3 1 0
d7y.io/dragonfly/v2/client/daemon/storage/local_storage.go:57.34,60.2 2 83
d7y.io/dragonfly/v2/client/daemon/storage/local_storage.go:62.97,67.40 3 40
d7y.io/dragonfly/v2/client/daemon/storage/local_storage.go:71.2,74.16 3 40
d7y.io/dragonfly/v2/client/daemon/storage/local_storage.go:77.2,78.67 2 40
d7y.io/dragonfly/v2/client/daemon/storage/local_storage.go:81.2,86.48 2 40
d7y.io/dragonfly/v2/client/daemon/storage/local_storage.go:98.2,99.16 2 40
d7y.io/dragonfly/v2/client/daemon/storage/local_storage.go:103.2,104.27 2 40
d7y.io/dragonfly/v2/client/daemon/storage/local_storage.go:117.2,117.33 1 40
d7y.io/dragonfly/v2/client/daemon/storage/local_storage.go:122.2,127.36 4 40
d7y.io/dragonfly/v2/client/daemon/storage/local_storage.go:130.2,131.15 2 40
d7y.io/dragonfly/v2/client/daemon/storage/local_storage.go:67.40,70.3 2 0
d7y.io/dragonfly/v2/client/daemon/storage/local_storage.go:74.16,76.3 1 0
d7y.io/dragonfly/v2/client/daemon/storage/local_storage.go:78.67,80.3 1 0
d7y.io/dragonfly/v2/client/daemon/storage/local_storage.go:86.48,88.55 1 0
d7y.io/dragonfly/v2/client/daemon/storage/local_storage.go:88.55,90.35 2 0
d7y.io/dragonfly/v2/client/daemon/storage/local_storage.go:93.4,93.56 1 0
d7y.io/dragonfly/v2/client/daemon/storage/local_storage.go:90.35,92.5 1 0
d7y.io/dragonfly/v2/client/daemon/storage/local_storage.go:95.8,97.3 1 40
d7y.io/dragonfly/v2/client/daemon/storage/local_storage.go:99.16,101.3 1 0
d7y.io/dragonfly/v2/client/daemon/storage/local_storage.go:104.27,105.24 1 0
d7y.io/dragonfly/v2/client/daemon/storage/local_storage.go:105.24,109.14 2 0
d7y.io/dragonfly/v2/client/daemon/storage/local_storage.go:109.14,111.5 1 0
d7y.io/dragonfly/v2/client/daemon/storage/local_storage.go:112.9,114.4 1 0
d7y.io/dragonfly/v2/client/daemon/storage/local_storage.go:117.33,118.59 1 40
d7y.io/dragonfly/v2/client/daemon/storage/local_storage.go:118.59,120.4 1 0
d7y.io/dragonfly/v2/client/daemon/storage/local_storage.go:127.36,129.3 1 0
d7y.io/dragonfly/v2/client/daemon/storage/local_storage.go:134.88,139.24 5 0
d7y.io/dragonfly/v2/client/daemon/storage/local_storage.go:142.2,142.12 1 0
d7y.io/dragonfly/v2/client/daemon/storage/local_storage.go:139.24,141.3 1 0
d7y.io/dragonfly/v2/client/daemon/storage/local_storage.go:146.110,149.16 3 40
d7y.io/dragonfly/v2/client/daemon/storage/local_storage.go:152.2,152.19 1 40
d7y.io/dragonfly/v2/client/daemon/storage/local_storage.go:162.2,162.67 1 40
d7y.io/dragonfly/v2/client/daemon/storage/local_storage.go:166.2,166.58 1 40
d7y.io/dragonfly/v2/client/daemon/storage/local_storage.go:149.16,151.3 1 0
d7y.io/dragonfly/v2/client/daemon/storage/local_storage.go:152.19,154.60 2 40
d7y.io/dragonfly/v2/client/daemon/storage/local_storage.go:154.60,157.4 2 40
d7y.io/dragonfly/v2/client/daemon/storage/local_storage.go:157.9,160.4 2 0
d7y.io/dragonfly/v2/client/daemon/storage/local_storage.go:162.67,164.3 1 0
d7y.io/dragonfly/v2/client/daemon/storage/local_storage.go:169.107,172.16 3 0
d7y.io/dragonfly/v2/client/daemon/storage/local_storage.go:175.2,175.53 1 0
d7y.io/dragonfly/v2/client/daemon/storage/local_storage.go:179.2,179.18 1 0
d7y.io/dragonfly/v2/client/daemon/storage/local_storage.go:172.16,174.3 1 0
d7y.io/dragonfly/v2/client/daemon/storage/local_storage.go:175.53,177.3 1 0
d7y.io/dragonfly/v2/client/daemon/storage/local_storage.go:182.78,186.25 3 1
d7y.io/dragonfly/v2/client/daemon/storage/local_storage.go:189.2,189.20 1 1
d7y.io/dragonfly/v2/client/daemon/storage/local_storage.go:196.2,196.22 1 1
d7y.io/dragonfly/v2/client/daemon/storage/local_storage.go:199.2,200.16 2 1
d7y.io/dragonfly/v2/client/daemon/storage/local_storage.go:206.2,207.16 2 1
d7y.io/dragonfly/v2/client/daemon/storage/local_storage.go:211.2,214.16 3 0
d7y.io/dragonfly/v2/client/daemon/storage/local_storage.go:218.2,221.16 3 0
d7y.io/dragonfly/v2/client/daemon/storage/local_storage.go:225.2,226.16 2 0
d7y.io/dragonfly/v2/client/daemon/storage/local_storage.go:230.2,235.12 4 0
d7y.io/dragonfly/v2/client/daemon/storage/local_storage.go:186.25,188.3 1 0
d7y.io/dragonfly/v2/client/daemon/storage/local_storage.go:189.20,191.17 2 1
d7y.io/dragonfly/v2/client/daemon/storage/local_storage.go:191.17,194.4 2 0
d7y.io/dragonfly/v2/client/daemon/storage/local_storage.go:196.22,198.3 1 0
d7y.io/dragonfly/v2/client/daemon/storage/local_storage.go:200.16,204.3 2 0
d7y.io/dragonfly/v2/client/daemon/storage/local_storage.go:207.16,210.3 2 1
d7y.io/dragonfly/v2/client/daemon/storage/local_storage.go:214.16,217.3 2 0
d7y.io/dragonfly/v2/client/daemon/storage/local_storage.go:221.16,224.3 2 0
d7y.io/dragonfly/v2/client/daemon/storage/local_storage.go:226.16,229.3 2 0
d7y.io/dragonfly/v2/client/daemon/storage/local_storage.go:238.112,243.56 5 0
d7y.io/dragonfly/v2/client/daemon/storage/local_storage.go:247.2,247.40 1 0
d7y.io/dragonfly/v2/client/daemon/storage/local_storage.go:259.2,266.8 1 0
d7y.io/dragonfly/v2/client/daemon/storage/local_storage.go:243.56,246.3 2 0
d7y.io/dragonfly/v2/client/daemon/storage/local_storage.go:247.40,248.48 1 0
d7y.io/dragonfly/v2/client/daemon/storage/local_storage.go:248.48,257.4 1 0
d7y.io/dragonfly/v2/client/daemon/storage/local_storage.go:269.44,272.2 2 2
d7y.io/dragonfly/v2/client/daemon/storage/local_storage.go:275.40,276.28 1 0
d7y.io/dragonfly/v2/client/daemon/storage/local_storage.go:280.2,285.74 3 0
d7y.io/dragonfly/v2/client/daemon/storage/local_storage.go:276.28,278.3 1 0
d7y.io/dragonfly/v2/client/daemon/storage/local_storage.go:288.42,292.39 4 2
d7y.io/dragonfly/v2/client/daemon/storage/local_storage.go:297.2,298.39 2 2
d7y.io/dragonfly/v2/client/daemon/storage/local_storage.go:303.2,303.67 1 2
d7y.io/dragonfly/v2/client/daemon/storage/local_storage.go:307.2,310.54 3 2
d7y.io/dragonfly/v2/client/daemon/storage/local_storage.go:321.2,321.12 1 2
d7y.io/dragonfly/v2/client/daemon/storage/local_storage.go:292.39,294.3 1 0
d7y.io/dragonfly/v2/client/daemon/storage/local_storage.go:298.39,300.3 1 0
d7y.io/dragonfly/v2/client/daemon/storage/local_storage.go:303.67,306.3 2 0
d7y.io/dragonfly/v2/client/daemon/storage/local_storage.go:310.54,312.3 1 0
d7y.io/dragonfly/v2/client/daemon/storage/local_storage.go:312.8,313.21 1 2
d7y.io/dragonfly/v2/client/daemon/storage/local_storage.go:313.21,314.45 1 2
d7y.io/dragonfly/v2/client/daemon/storage/local_storage.go:314.45,316.5 1 0
d7y.io/dragonfly/v2/client/daemon/storage/local_storage.go:317.9,319.4 1 0
d7y.io/dragonfly/v2/client/daemon/storage/local_storage.go:324.77,328.16 3 2
d7y.io/dragonfly/v2/client/daemon/storage/local_storage.go:333.2,333.50 1 2
d7y.io/dragonfly/v2/client/daemon/storage/local_storage.go:348.2,348.39 1 2
d7y.io/dragonfly/v2/client/daemon/storage/local_storage.go:352.2,353.12 2 1
d7y.io/dragonfly/v2/client/daemon/storage/local_storage.go:328.16,331.3 2 0
d7y.io/dragonfly/v2/client/daemon/storage/local_storage.go:333.50,335.18 2 0
d7y.io/dragonfly/v2/client/daemon/storage/local_storage.go:335.18,336.41 1 0
d7y.io/dragonfly/v2/client/daemon/storage/local_storage.go:336.41,338.5 1 0
d7y.io/dragonfly/v2/client/daemon/storage/local_storage.go:338.10,340.5 1 0
d7y.io/dragonfly/v2/client/daemon/storage/local_storage.go:342.8,343.50 1 2
d7y.io/dragonfly/v2/client/daemon/storage/local_storage.go:343.50,346.4 2 0
d7y.io/dragonfly/v2/client/daemon/storage/local_storage.go:348.39,351.3 2 1
d7y.io/dragonfly/v2/client/daemon/storage/local_storage.go:356.77,357.47 1 2
d7y.io/dragonfly/v2/client/daemon/storage/local_storage.go:361.2,362.77 2 2
d7y.io/dragonfly/v2/client/daemon/storage/local_storage.go:366.2,367.12 2 2
d7y.io/dragonfly/v2/client/daemon/storage/local_storage.go:357.47,360.3 2 0
d7y.io/dragonfly/v2/client/daemon/storage/local_storage.go:362.77,365.3 2 0
d7y.io/dragonfly/v2/client/daemon/storage/local_storage.go:370.47,374.16 4 1
d7y.io/dragonfly/v2/client/daemon/storage/local_storage.go:377.2,378.16 2 1
d7y.io/dragonfly/v2/client/daemon/storage/local_storage.go:381.2,382.16 2 1
d7y.io/dragonfly/v2/client/daemon/storage/local_storage.go:385.2,385.12 1 1
d7y.io/dragonfly/v2/client/daemon/storage/local_storage.go:374.16,376.3 1 0
d7y.io/dragonfly/v2/client/daemon/storage/local_storage.go:378.16,380.3 1 0
d7y.io/dragonfly/v2/client/daemon/storage/local_storage.go:382.16,384.3 1 0
d7y.io/dragonfly/v2/client/daemon/storage/storage_manager.go:99.13,101.2 1 1
d7y.io/dragonfly/v2/client/daemon/storage/storage_manager.go:122.168,123.31 1 2
d7y.io/dragonfly/v2/client/daemon/storage/storage_manager.go:130.2,131.24 2 2
d7y.io/dragonfly/v2/client/daemon/storage/storage_manager.go:137.2,137.16 1 2
d7y.io/dragonfly/v2/client/daemon/storage/storage_manager.go:140.2,140.23 1 2
d7y.io/dragonfly/v2/client/daemon/storage/storage_manager.go:148.2,158.29 2 2
d7y.io/dragonfly/v2/client/daemon/storage/storage_manager.go:164.2,164.59 1 2
d7y.io/dragonfly/v2/client/daemon/storage/storage_manager.go:168.2,169.15 2 2
d7y.io/dragonfly/v2/client/daemon/storage/storage_manager.go:123.31,125.17 2 2
d7y.io/dragonfly/v2/client/daemon/storage/storage_manager.go:128.3,128.21 1 2
d7y.io/dragonfly/v2/client/daemon/storage/storage_manager.go:125.17,127.4 1 0
d7y.io/dragonfly/v2/client/daemon/storage/storage_manager.go:131.24,132.73 1 0
d7y.io/dragonfly/v2/client/daemon/storage/storage_manager.go:135.3,135.36 1 0
d7y.io/dragonfly/v2/client/daemon/storage/storage_manager.go:132.73,134.4 1 0
d7y.io/dragonfly/v2/client/daemon/storage/storage_manager.go:137.16,139.3 1 0
d7y.io/dragonfly/v2/client/daemon/storage/storage_manager.go:141.81,141.81 0 2
d7y.io/dragonfly/v2/client/daemon/storage/storage_manager.go:142.32,143.54 1 0
d7y.io/dragonfly/v2/client/daemon/storage/storage_manager.go:144.10,145.74 1 0
d7y.io/dragonfly/v2/client/daemon/storage/storage_manager.go:158.29,159.30 1 0
d7y.io/dragonfly/v2/client/daemon/storage/storage_manager.go:159.30,161.4 1 0
d7y.io/dragonfly/v2/client/daemon/storage/storage_manager.go:164.59,166.3 1 0
d7y.io/dragonfly/v2/client/daemon/storage/storage_manager.go:172.79,173.45 1 0
d7y.io/dragonfly/v2/client/daemon/storage/storage_manager.go:173.45,176.3 2 0
d7y.io/dragonfly/v2/client/daemon/storage/storage_manager.go:179.91,184.11 1 0
d7y.io/dragonfly/v2/client/daemon/storage/storage_manager.go:199.2,199.12 1 0
d7y.io/dragonfly/v2/client/daemon/storage/storage_manager.go:184.11,193.11 3 0
d7y.io/dragonfly/v2/client/daemon/storage/storage_manager.go:197.3,197.27 1 0
d7y.io/dragonfly/v2/client/daemon/storage/storage_manager.go:193.11,195.4 1 0
d7y.io/dragonfly/v2/client/daemon/storage/storage_manager.go:202.97,208.9 2 0
d7y.io/dragonfly/v2/client/daemon/storage/storage_manager.go:211.2,211.51 1 0
d7y.io/dragonfly/v2/client/daemon/storage/storage_manager.go:208.9,210.3 1 0
d7y.io/dragonfly/v2/client/daemon/storage/storage_manager.go:214.110,220.9 2 0
d7y.io/dragonfly/v2/client/daemon/storage/storage_manager.go:224.2,224.50 1 0
d7y.io/dragonfly/v2/client/daemon/storage/storage_manager.go:220.9,223.3 1 0
d7y.io/dragonfly/v2/client/daemon/storage/storage_manager.go:227.107,233.9 2 0
d7y.io/dragonfly/v2/client/daemon/storage/storage_manager.go:237.2,237.54 1 0
d7y.io/dragonfly/v2/client/daemon/storage/storage_manager.go:233.9,236.3 1 0
d7y.io/dragonfly/v2/client/daemon/storage/storage_manager.go:240.78,246.9 2 0
d7y.io/dragonfly/v2/client/daemon/storage/storage_manager.go:250.2,250.46 1 0
d7y.io/dragonfly/v2/client/daemon/storage/storage_manager.go:246.9,249.3 1 0
d7y.io/dragonfly/v2/client/daemon/storage/storage_manager.go:253.112,259.9 2 0
d7y.io/dragonfly/v2/client/daemon/storage/storage_manager.go:262.2,262.50 1 0
d7y.io/dragonfly/v2/client/daemon/storage/storage_manager.go:259.9,261.3 1 0
d7y.io/dragonfly/v2/client/daemon/storage/storage_manager.go:265.84,268.9 3 2
d7y.io/dragonfly/v2/client/daemon/storage/storage_manager.go:271.2,271.34 1 2
d7y.io/dragonfly/v2/client/daemon/storage/storage_manager.go:268.9,270.3 1 0
d7y.io/dragonfly/v2/client/daemon/storage/storage_manager.go:274.88,280.9 2 0
d7y.io/dragonfly/v2/client/daemon/storage/storage_manager.go:283.2,283.51 1 0
d7y.io/dragonfly/v2/client/daemon/storage/storage_manager.go:280.9,282.3 1 0
d7y.io/dragonfly/v2/client/daemon/storage/storage_manager.go:286.68,308.89 5 2
d7y.io/dragonfly/v2/client/daemon/storage/storage_manager.go:311.2,313.16 3 2
d7y.io/dragonfly/v2/client/daemon/storage/storage_manager.go:316.2,319.27 2 2
d7y.io/dragonfly/v2/client/daemon/storage/storage_manager.go:322.2,323.25 2 2
d7y.io/dragonfly/v2/client/daemon/storage/storage_manager.go:366.2,373.52 3 2
d7y.io/dragonfly/v2/client/daemon/storage/storage_manager.go:379.2,380.12 2 2
d7y.io/dragonfly/v2/client/daemon/storage/storage_manager.go:308.89,310.3 1 0
d7y.io/dragonfly/v2/client/daemon/storage/storage_manager.go:313.16,315.3 1 0
d7y.io/dragonfly/v2/client/daemon/storage/storage_manager.go:319.27,321.3 1 0
d7y.io/dragonfly/v2/client/daemon/storage/storage_manager.go:324.51,327.17 3 1
d7y.io/dragonfly/v2/client/daemon/storage/storage_manager.go:330.3,330.12 1 1
d7y.io/dragonfly/v2/client/daemon/storage/storage_manager.go:331.52,334.17 3 1
d7y.io/dragonfly/v2/client/daemon/storage/storage_manager.go:338.3,340.17 3 1
d7y.io/dragonfly/v2/client/daemon/storage/storage_manager.go:343.3,347.37 3 1
d7y.io/dragonfly/v2/client/daemon/storage/storage_manager.go:327.17,329.4 1 0
d7y.io/dragonfly/v2/client/daemon/storage/storage_manager.go:334.17,336.4 1 0
d7y.io/dragonfly/v2/client/daemon/storage/storage_manager.go:340.17,342.4 1 0
d7y.io/dragonfly/v2/client/daemon/storage/storage_manager.go:347.37,349.56 2 1
d7y.io/dragonfly/v2/client/daemon/storage/storage_manager.go:349.56,352.60 2 0
d7y.io/dragonfly/v2/client/daemon/storage/storage_manager.go:352.60,355.6 2 0
d7y.io/dragonfly/v2/client/daemon/storage/storage_manager.go:357.9,360.59 2 0
d7y.io/dragonfly/v2/client/daemon/storage/storage_manager.go:360.59,363.5 2 0
d7y.io/dragonfly/v2/client/daemon/storage/storage_manager.go:373.52,376.3 2 0
d7y.io/dragonfly/v2/client/daemon/storage/storage_manager.go:376.8,378.3 1 2
d7y.io/dragonfly/v2/client/daemon/storage/storage_manager.go:383.74,387.9 4 0
d7y.io/dragonfly/v2/client/daemon/storage/storage_manager.go:390.2,390.23 1 0
d7y.io/dragonfly/v2/client/daemon/storage/storage_manager.go:410.2,410.12 1 0
d7y.io/dragonfly/v2/client/daemon/storage/storage_manager.go:387.9,389.3 1 0
d7y.io/dragonfly/v2/client/daemon/storage/storage_manager.go:390.23,394.29 2 0
d7y.io/dragonfly/v2/client/daemon/storage/storage_manager.go:398.3,398.14 1 0
d7y.io/dragonfly/v2/client/daemon/storage/storage_manager.go:401.3,408.4 1 0
d7y.io/dragonfly/v2/client/daemon/storage/storage_manager.go:394.29,395.12 1 0
d7y.io/dragonfly/v2/client/daemon/storage/storage_manager.go:398.14,399.12 1 0
d7y.io/dragonfly/v2/client/daemon/storage/storage_manager.go:413.60,417.9 4 0
d7y.io/dragonfly/v2/client/daemon/storage/storage_manager.go:420.2,422.23 2 0
d7y.io/dragonfly/v2/client/daemon/storage/storage_manager.go:429.2,429.39 1 0
d7y.io/dragonfly/v2/client/daemon/storage/storage_manager.go:417.9,419.3 1 0
d7y.io/dragonfly/v2/client/daemon/storage/storage_manager.go:422.23,423.25 1 0
d7y.io/dragonfly/v2/client/daemon/storage/storage_manager.go:427.3,427.29 1 0
d7y.io/dragonfly/v2/client/daemon/storage/storage_manager.go:423.25,425.12 2 0
d7y.io/dragonfly/v2/client/daemon/storage/storage_manager.go:432.76,434.24 2 2
d7y.io/dragonfly/v2/client/daemon/storage/storage_manager.go:437.2,437.16 1 2
d7y.io/dragonfly/v2/client/daemon/storage/storage_manager.go:440.2,444.27 2 2
d7y.io/dragonfly/v2/client/daemon/storage/storage_manager.go:502.2,502.34 1 2
d7y.io/dragonfly/v2/client/daemon/storage/storage_manager.go:535.2,535.23 1 2
d7y.io/dragonfly/v2/client/daemon/storage/storage_manager.go:542.2,542.12 1 2
d7y.io/dragonfly/v2/client/daemon/storage/storage_manager.go:434.24,436.3 1 0
d7y.io/dragonfly/v2/client/daemon/storage/storage_manager.go:437.16,439.3 1 0
d7y.io/dragonfly/v2/client/daemon/storage/storage_manager.go:444.27,447.17 3 2
d7y.io/dragonfly/v2/client/daemon/storage/storage_manager.go:450.3,450.36 1 0
d7y.io/dragonfly/v2/client/daemon/storage/storage_manager.go:447.17,448.12 1 2
d7y.io/dragonfly/v2/client/daemon/storage/storage_manager.go:450.36,462.69 5 0
d7y.io/dragonfly/v2/client/daemon/storage/storage_manager.go:469.4,470.19 2 0
d7y.io/dragonfly/v2/client/daemon/storage/storage_manager.go:478.4,478.72 1 0
d7y.io/dragonfly/v2/client/daemon/storage/storage_manager.go:485.4,493.50 3 0
d7y.io/dragonfly/v2/client/daemon/storage/storage_manager.go:462.69,467.13 4 0
d7y.io/dragonfly/v2/client/daemon/storage/storage_manager.go:470.19,475.13 4 0
d7y.io/dragonfly/v2/client/daemon/storage/storage_manager.go:478.72,483.13 4 0
d7y.io/dragonfly/v2/client/daemon/storage/storage_manager.go:493.50,496.5 2 0
d7y.io/dragonfly/v2/client/daemon/storage/storage_manager.go:496.10,498.5 1 0
d7y.io/dragonfly/v2/client/daemon/storage/storage_manager.go:502.34,504.64 1 0
d7y.io/dragonfly/v2/client/daemon/storage/storage_manager.go:511.3,513.17 3 0
d7y.io/dragonfly/v2/client/daemon/storage/storage_manager.go:530.3,530.39 1 0
d7y.io/dragonfly/v2/client/daemon/storage/storage_manager.go:533.3,533.57 1 0
d7y.io/dragonfly/v2/client/daemon/storage/storage_manager.go:504.64,506.4 1 0
d7y.io/dragonfly/v2/client/daemon/storage/storage_manager.go:506.9,508.4 1 0
d7y.io/dragonfly/v2/client/daemon/storage/storage_manager.go:513.17,515.52 1 0
d7y.io/dragonfly/v2/client/daemon/storage/storage_manager.go:523.4,523.41 1 0
d7y.io/dragonfly/v2/client/daemon/storage/storage_manager.go:515.52,517.20 2 0
d7y.io/dragonfly/v2/client/daemon/storage/storage_manager.go:517.20,518.43 1 0
d7y.io/dragonfly/v2/client/daemon/storage/storage_manager.go:518.43,520.7 1 0
d7y.io/dragonfly/v2/client/daemon/storage/storage_manager.go:523.41,525.5 1 0
d7y.io/dragonfly/v2/client/daemon/storage/storage_manager.go:525.10,527.5 1 0
d7y.io/dragonfly/v2/client/daemon/storage/storage_manager.go:530.39,532.4 1 0
d7y.io/dragonfly/v2/client/daemon/storage/storage_manager.go:535.23,537.32 2 0
d7y.io/dragonfly/v2/client/daemon/storage/storage_manager.go:540.3,540.67 1 0
d7y.io/dragonfly/v2/client/daemon/storage/storage_manager.go:537.32,539.4 1 0
d7y.io/dragonfly/v2/client/daemon/storage/storage_manager.go:545.48,548.49 3 0
d7y.io/dragonfly/v2/client/daemon/storage/storage_manager.go:561.2,561.100 1 0
d7y.io/dragonfly/v2/client/daemon/storage/storage_manager.go:588.2,588.43 1 0
d7y.io/dragonfly/v2/client/daemon/storage/storage_manager.go:612.2,614.18 3 0
d7y.io/dragonfly/v2/client/daemon/storage/storage_manager.go:548.49,549.42 1 0
d7y.io/dragonfly/v2/client/daemon/storage/storage_manager.go:558.3,558.14 1 0
d7y.io/dragonfly/v2/client/daemon/storage/storage_manager.go:549.42,552.4 2 0
d7y.io/dragonfly/v2/client/daemon/storage/storage_manager.go:552.9,557.4 2 0
d7y.io/dragonfly/v2/client/daemon/storage/storage_manager.go:561.100,564.50 3 0
d7y.io/dragonfly/v2/client/daemon/storage/storage_manager.go:572.3,572.47 1 0
d7y.io/dragonfly/v2/client/daemon/storage/storage_manager.go:575.3,575.30 1 0
d7y.io/dragonfly/v2/client/daemon/storage/storage_manager.go:564.50,566.51 1 0
d7y.io/dragonfly/v2/client/daemon/storage/storage_manager.go:569.4,570.15 2 0
d7y.io/dragonfly/v2/client/daemon/storage/storage_manager.go:566.51,568.5 1 0
d7y.io/dragonfly/v2/client/daemon/storage/storage_manager.go:572.47,574.4 1 0
d7y.io/dragonfly/v2/client/daemon/storage/storage_manager.go:575.30,582.65 5 0
d7y.io/dragonfly/v2/client/daemon/storage/storage_manager.go:582.65,583.10 1 0
d7y.io/dragonfly/v2/client/daemon/storage/storage_manager.go:588.43,590.10 2 0
d7y.io/dragonfly/v2/client/daemon/storage/storage_manager.go:594.3,601.40 7 0
d7y.io/dragonfly/v2/client/daemon/storage/storage_manager.go:608.3,610.13 2 0
d7y.io/dragonfly/v2/client/daemon/storage/storage_manager.go:590.10,592.12 2 0
d7y.io/dragonfly/v2/client/daemon/storage/storage_manager.go:601.40,606.12 4 0
d7y.io/dragonfly/v2/client/daemon/storage/storage_manager.go:617.36,619.2 1 0
d7y.io/dragonfly/v2/client/daemon/storage/storage_manager.go:621.50,622.49 1 0
d7y.io/dragonfly/v2/client/daemon/storage/storage_manager.go:633.2,633.18 1 0
d7y.io/dragonfly/v2/client/daemon/storage/storage_manager.go:622.49,628.17 6 0
d7y.io/dragonfly/v2/client/daemon/storage/storage_manager.go:631.3,631.14 1 0
d7y.io/dragonfly/v2/client/daemon/storage/storage_manager.go:628.17,630.4 1 0
d7y.io/dragonfly/v2/client/daemon/upload/upload_manager.go:53.89,59.27 3 1
d7y.io/dragonfly/v2/client/daemon/upload/upload_manager.go:62.2,62.15 1 1
d7y.io/dragonfly/v2/client/daemon/upload/upload_manager.go:59.27,61.3 1 1
d7y.io/dragonfly/v2/client/daemon/upload/upload_manager.go:66.62,67.38 1 1
d7y.io/dragonfly/v2/client/daemon/upload/upload_manager.go:67.38,69.3 1 1
d7y.io/dragonfly/v2/client/daemon/upload/upload_manager.go:72.39,76.2 3 1
d7y.io/dragonfly/v2/client/daemon/upload/upload_manager.go:78.56,80.2 1 1
d7y.io/dragonfly/v2/client/daemon/upload/upload_manager.go:82.39,84.2 1 0
d7y.io/dragonfly/v2/client/daemon/upload/upload_manager.go:87.79,97.16 5 3
d7y.io/dragonfly/v2/client/daemon/upload/upload_manager.go:102.2,102.18 1 3
d7y.io/dragonfly/v2/client/daemon/upload/upload_manager.go:109.2,121.16 3 3
d7y.io/dragonfly/v2/client/daemon/upload/upload_manager.go:126.2,127.23 2 3
d7y.io/dragonfly/v2/client/daemon/upload/upload_manager.go:137.2,137.46 1 3
d7y.io/dragonfly/v2/client/daemon/upload/upload_manager.go:97.16,101.3 3 0
d7y.io/dragonfly/v2/client/daemon/upload/upload_manager.go:102.18,106.3 3 0
d7y.io/dragonfly/v2/client/daemon/upload/upload_manager.go:121.16,125.3 3 0
d7y.io/dragonfly/v2/client/daemon/upload/upload_manager.go:127.23,128.73 1 3
d7y.io/dragonfly/v2/client/daemon/upload/upload_manager.go:128.73,132.4 3 0
d7y.io/dragonfly/v2/client/daemon/upload/upload_manager.go:137.46,140.3 2 0
d7y.io/dragonfly/v2/client/daemon/upload/upload_manager.go:140.8,140.30 1 3
d7y.io/dragonfly/v2/client/daemon/upload/upload_manager.go:140.30,144.3 2 0
d7y.io/dragonfly/v2/client/daemon/daemon.go:86.52,100.16 3 0
d7y.io/dragonfly/v2/client/daemon/daemon.go:105.2,108.43 2 0
d7y.io/dragonfly/v2/client/daemon/daemon.go:119.2,119.16 1 0
d7y.io/dragonfly/v2/client/daemon/daemon.go:123.2,126.16 2 0
d7y.io/dragonfly/v2/client/daemon/daemon.go:129.2,131.16 2 0
d7y.io/dragonfly/v2/client/daemon/daemon.go:136.2,137.50 2 0
d7y.io/dragonfly/v2/client/daemon/daemon.go:144.2,145.46 2 0
d7y.io/dragonfly/v2/client/daemon/daemon.go:152.2,153.16 2 0
d7y.io/dragonfly/v2/client/daemon/daemon.go:157.2,159.16 3 0
d7y.io/dragonfly/v2/client/daemon/daemon.go:163.2,165.16 2 0
d7y.io/dragonfly/v2/client/daemon/daemon.go:169.2,182.8 1 0
d7y.io/dragonfly/v2/client/daemon/daemon.go:100.16,102.3 1 0
d7y.io/dragonfly/v2/client/daemon/daemon.go:108.43,113.17 2 0
d7y.io/dragonfly/v2/client/daemon/daemon.go:113.17,115.5 1 0
d7y.io/dragonfly/v2/client/daemon/daemon.go:115.10,117.5 1 0
d7y.io/dragonfly/v2/client/daemon/daemon.go:119.16,121.3 1 0
d7y.io/dragonfly/v2/client/daemon/daemon.go:126.16,128.3 1 0
d7y.io/dragonfly/v2/client/daemon/daemon.go:131.16,133.3 1 0
d7y.io/dragonfly/v2/client/daemon/daemon.go:137.50,139.17 2 0
d7y.io/dragonfly/v2/client/daemon/daemon.go:142.3,142.82 1 0
d7y.io/dragonfly/v2/client/daemon/daemon.go:139.17,141.4 1 0
d7y.io/dragonfly/v2/client/daemon/daemon.go:145.46,147.17 2 0
d7y.io/dragonfly/v2/client/daemon/daemon.go:150.3,150.74 1 0
d7y.io/dragonfly/v2/client/daemon/daemon.go:147.17,149.4 1 0
d7y.io/dragonfly/v2/client/daemon/daemon.go:153.16,155.3 1 0
d7y.io/dragonfly/v2/client/daemon/daemon.go:159.16,161.3 1 0
d7y.io/dragonfly/v2/client/daemon/daemon.go:165.16,167.3 1 0
d7y.io/dragonfly/v2/client/daemon/daemon.go:185.98,188.16 2 0
d7y.io/dragonfly/v2/client/daemon/daemon.go:192.2,193.47 2 0
d7y.io/dragonfly/v2/client/daemon/daemon.go:198.2,199.16 2 0
d7y.io/dragonfly/v2/client/daemon/daemon.go:204.2,204.26 1 0
d7y.io/dragonfly/v2/client/daemon/daemon.go:216.2,216.47 1 0
d7y.io/dragonfly/v2/client/daemon/daemon.go:188.16,190.3 1 0
d7y.io/dragonfly/v2/client/daemon/daemon.go:193.47,195.3 1 0
d7y.io/dragonfly/v2/client/daemon/daemon.go:199.16,201.3 1 0
d7y.io/dragonfly/v2/client/daemon/daemon.go:204.26,210.3 1 0
d7y.io/dragonfly/v2/client/daemon/daemon.go:210.8,214.3 3 0
d7y.io/dragonfly/v2/client/daemon/daemon.go:219.107,220.38 1 0
d7y.io/dragonfly/v2/client/daemon/daemon.go:236.2,241.26 2 0
d7y.io/dragonfly/v2/client/daemon/daemon.go:244.2,244.16 1 0
d7y.io/dragonfly/v2/client/daemon/daemon.go:248.2,248.39 1 0
d7y.io/dragonfly/v2/client/daemon/daemon.go:252.2,252.55 1 0
d7y.io/dragonfly/v2/client/daemon/daemon.go:257.2,257.35 1 0
d7y.io/dragonfly/v2/client/daemon/daemon.go:260.2,261.31 2 0
d7y.io/dragonfly/v2/client/daemon/daemon.go:271.2,273.16 3 0
d7y.io/dragonfly/v2/client/daemon/daemon.go:277.2,277.50 1 0
d7y.io/dragonfly/v2/client/daemon/daemon.go:220.38,224.17 4 0
d7y.io/dragonfly/v2/client/daemon/daemon.go:228.3,228.16 1 0
d7y.io/dragonfly/v2/client/daemon/daemon.go:224.17,227.4 2 0
[...]
d7y.io/dragonfly/v2/scheduler/types/peer_task.go:103.17,105.3 1 0
d7y.io/dragonfly/v2/scheduler/types/peer_task.go:107.17,109.3 1 0
d7y.io/dragonfly/v2/scheduler/types/peer_task.go:113.67,114.32 1 0
d7y.io/dragonfly/v2/scheduler/types/peer_task.go:117.2,130.15 7 0
d7y.io/dragonfly/v2/scheduler/types/peer_task.go:137.2,137.20 1 0
d7y.io/dragonfly/v2/scheduler/types/peer_task.go:140.2,140.24 1 0
d7y.io/dragonfly/v2/scheduler/types/peer_task.go:114.32,116.3 1 0
d7y.io/dragonfly/v2/scheduler/types/peer_task.go:130.15,132.53 2 0
d7y.io/dragonfly/v2/scheduler/types/peer_task.go:135.3,135.27 1 0
d7y.io/dragonfly/v2/scheduler/types/peer_task.go:132.53,133.9 1 0
d7y.io/dragonfly/v2/scheduler/types/peer_task.go:137.20,139.3 1 0
d7y.io/dragonfly/v2/scheduler/types/peer_task.go:140.24,142.3 1 0
d7y.io/dragonfly/v2/scheduler/types/peer_task.go:145.42,147.2 1 0
d7y.io/dragonfly/v2/scheduler/types/peer_task.go:149.43,153.2 3 0
d7y.io/dragonfly/v2/scheduler/types/peer_task.go:155.37,156.56 1 0
d7y.io/dragonfly/v2/scheduler/types/peer_task.go:159.2,160.45 2 0
d7y.io/dragonfly/v2/scheduler/types/peer_task.go:163.2,163.54 1 0
d7y.io/dragonfly/v2/scheduler/types/peer_task.go:156.56,158.3 1 0
d7y.io/dragonfly/v2/scheduler/types/peer_task.go:160.45,162.3 1 0
d7y.io/dragonfly/v2/scheduler/types/peer_task.go:166.58,167.24 1 0
d7y.io/dragonfly/v2/scheduler/types/peer_task.go:173.2,173.17 1 0
d7y.io/dragonfly/v2/scheduler/types/peer_task.go:167.24,168.49 1 0
d7y.io/dragonfly/v2/scheduler/types/peer_task.go:168.49,171.4 2 0
d7y.io/dragonfly/v2/scheduler/types/peer_task.go:176.66,177.32 1 0
d7y.io/dragonfly/v2/scheduler/types/peer_task.go:181.2,181.57 1 0
d7y.io/dragonfly/v2/scheduler/types/peer_task.go:185.2,187.20 2 0
d7y.io/dragonfly/v2/scheduler/types/peer_task.go:190.2,190.24 1 0
d7y.io/dragonfly/v2/scheduler/types/peer_task.go:177.32,179.3 1 0
d7y.io/dragonfly/v2/scheduler/types/peer_task.go:181.57,183.3 1 0
d7y.io/dragonfly/v2/scheduler/types/peer_task.go:187.20,189.3 1 0
d7y.io/dragonfly/v2/scheduler/types/peer_task.go:190.24,192.3 1 0
d7y.io/dragonfly/v2/scheduler/types/peer_task.go:195.36,196.35 1 0
d7y.io/dragonfly/v2/scheduler/types/peer_task.go:200.2,201.75 2 0
d7y.io/dragonfly/v2/scheduler/types/peer_task.go:204.2,208.15 4 0
d7y.io/dragonfly/v2/scheduler/types/peer_task.go:217.2,217.20 1 0
d7y.io/dragonfly/v2/scheduler/types/peer_task.go:220.2,220.24 1 0
d7y.io/dragonfly/v2/scheduler/types/peer_task.go:196.35,198.3 1 0
d7y.io/dragonfly/v2/scheduler/types/peer_task.go:201.75,203.3 1 0
d7y.io/dragonfly/v2/scheduler/types/peer_task.go:208.15,211.50 2 0
d7y.io/dragonfly/v2/scheduler/types/peer_task.go:214.3,214.27 1 0
d7y.io/dragonfly/v2/scheduler/types/peer_task.go:211.50,212.9 1 0
d7y.io/dragonfly/v2/scheduler/types/peer_task.go:217.20,219.3 1 0
d7y.io/dragonfly/v2/scheduler/types/peer_task.go:220.24,222.3 1 0
d7y.io/dragonfly/v2/scheduler/types/peer_task.go:225.41,226.20 1 0
d7y.io/dragonfly/v2/scheduler/types/peer_task.go:229.2,229.36 1 0
d7y.io/dragonfly/v2/scheduler/types/peer_task.go:226.20,228.3 1 0
d7y.io/dragonfly/v2/scheduler/types/peer_task.go:232.29,235.2 2 8
d7y.io/dragonfly/v2/scheduler/types/peer_task.go:237.44,241.2 3 0
d7y.io/dragonfly/v2/scheduler/types/peer_task.go:243.63,247.17 3 0
d7y.io/dragonfly/v2/scheduler/types/peer_task.go:252.2,252.64 1 0
d7y.io/dragonfly/v2/scheduler/types/peer_task.go:256.2,258.22 2 0
d7y.io/dragonfly/v2/scheduler/types/peer_task.go:262.2,262.12 1 0
d7y.io/dragonfly/v2/scheduler/types/peer_task.go:247.17,249.3 1 0
d7y.io/dragonfly/v2/scheduler/types/peer_task.go:252.64,254.3 1 0
d7y.io/dragonfly/v2/scheduler/types/peer_task.go:258.22,260.3 1 0
d7y.io/dragonfly/v2/scheduler/types/peer_task.go:265.40,267.2 1 0
d7y.io/dragonfly/v2/scheduler/types/peer_task.go:269.31,272.2 2 0
d7y.io/dragonfly/v2/scheduler/types/peer_task.go:274.29,277.2 2 0
d7y.io/dragonfly/v2/scheduler/types/peer_task.go:279.89,280.15 1 0
d7y.io/dragonfly/v2/scheduler/types/peer_task.go:283.2,288.34 6 0
d7y.io/dragonfly/v2/scheduler/types/peer_task.go:280.15,282.3 1 0
d7y.io/dragonfly/v2/scheduler/types/peer_task.go:288.34,290.3 1 0
d7y.io/dragonfly/v2/scheduler/types/peer_task.go:293.47,295.2 1 0
d7y.io/dragonfly/v2/scheduler/types/peer_task.go:297.62,308.91 4 0
d7y.io/dragonfly/v2/scheduler/types/peer_task.go:318.2,318.8 1 0
d7y.io/dragonfly/v2/scheduler/types/peer_task.go:308.91,315.3 2 0
d7y.io/dragonfly/v2/scheduler/types/peer_task.go:321.34,322.15 1 0
d7y.io/dragonfly/v2/scheduler/types/peer_task.go:325.2,325.22 1 0
d7y.io/dragonfly/v2/scheduler/types/peer_task.go:332.2,332.35 1 0
d7y.io/dragonfly/v2/scheduler/types/peer_task.go:322.15,324.3 1 0
d7y.io/dragonfly/v2/scheduler/types/peer_task.go:325.22,326.27 1 0
d7y.io/dragonfly/v2/scheduler/types/peer_task.go:330.3,330.41 1 0
d7y.io/dragonfly/v2/scheduler/types/peer_task.go:326.27,329.4 2 0
d7y.io/dragonfly/v2/scheduler/types/peer_task.go:335.64,336.15 1 0
d7y.io/dragonfly/v2/scheduler/types/peer_task.go:339.2,339.22 1 0
d7y.io/dragonfly/v2/scheduler/types/peer_task.go:353.2,353.35 1 0
d7y.io/dragonfly/v2/scheduler/types/peer_task.go:336.15,338.3 1 0
d7y.io/dragonfly/v2/scheduler/types/peer_task.go:339.22,340.27 1 0
d7y.io/dragonfly/v2/scheduler/types/peer_task.go:344.3,348.28 2 0
d7y.io/dragonfly/v2/scheduler/types/peer_task.go:351.3,351.29 1 0
d7y.io/dragonfly/v2/scheduler/types/peer_task.go:340.27,343.4 2 0
d7y.io/dragonfly/v2/scheduler/types/peer_task.go:348.28,350.4 1 0
d7y.io/dragonfly/v2/scheduler/types/peer_task.go:356.58,360.14 4 0
d7y.io/dragonfly/v2/scheduler/types/peer_task.go:363.2,363.10 1 0
d7y.io/dragonfly/v2/scheduler/types/peer_task.go:360.14,362.3 1 0
d7y.io/dragonfly/v2/scheduler/types/peer_task.go:366.37,371.18 5 0
d7y.io/dragonfly/v2/scheduler/types/peer_task.go:379.2,379.13 1 0
d7y.io/dragonfly/v2/scheduler/types/peer_task.go:371.18,374.56 2 0
d7y.io/dragonfly/v2/scheduler/types/peer_task.go:377.3,377.33 1 0
d7y.io/dragonfly/v2/scheduler/types/peer_task.go:374.56,375.9 1 0
d7y.io/dragonfly/v2/scheduler/types/peer_task.go:382.41,386.18 4 0
d7y.io/dragonfly/v2/scheduler/types/peer_task.go:393.2,393.13 1 0
d7y.io/dragonfly/v2/scheduler/types/peer_task.go:386.18,388.56 1 0
d7y.io/dragonfly/v2/scheduler/types/peer_task.go:391.3,391.33 1 0
d7y.io/dragonfly/v2/scheduler/types/peer_task.go:388.56,389.9 1 0
d7y.io/dragonfly/v2/scheduler/types/peer_task.go:396.50,399.14 3 0
d7y.io/dragonfly/v2/scheduler/types/peer_task.go:402.2,403.18 2 0
d7y.io/dragonfly/v2/scheduler/types/peer_task.go:412.2,412.14 1 0
d7y.io/dragonfly/v2/scheduler/types/peer_task.go:399.14,401.3 1 0
d7y.io/dragonfly/v2/scheduler/types/peer_task.go:403.18,405.56 1 0
d7y.io/dragonfly/v2/scheduler/types/peer_task.go:410.3,410.33 1 0
d7y.io/dragonfly/v2/scheduler/types/peer_task.go:405.56,407.4 1 0
d7y.io/dragonfly/v2/scheduler/types/peer_task.go:407.9,407.31 1 0
d7y.io/dragonfly/v2/scheduler/types/peer_task.go:407.31,409.4 1 0
d7y.io/dragonfly/v2/scheduler/types/peer_task.go:415.48,419.2 3 0
d7y.io/dragonfly/v2/scheduler/types/peer_task.go:421.52,425.2 3 8
d7y.io/dragonfly/v2/scheduler/types/peer_task.go:427.46,431.2 3 0
d7y.io/dragonfly/v2/scheduler/types/peer_task.go:433.79,437.22 4 6
d7y.io/dragonfly/v2/scheduler/types/peer_task.go:440.2,441.19 2 4
d7y.io/dragonfly/v2/scheduler/types/peer_task.go:437.22,439.3 1 2
d7y.io/dragonfly/v2/scheduler/types/peer_task.go:441.19,443.3 1 0
d7y.io/dragonfly/v2/scheduler/types/peer_task.go:443.8,445.3 1 4
d7y.io/dragonfly/v2/scheduler/types/peer_task.go:448.71,451.26 3 2
d7y.io/dragonfly/v2/scheduler/types/peer_task.go:455.2,455.32 1 2
d7y.io/dragonfly/v2/scheduler/types/peer_task.go:451.26,454.3 2 0
d7y.io/dragonfly/v2/scheduler/types/peer_task.go:455.32,457.3 1 1
d7y.io/dragonfly/v2/scheduler/types/peer_task.go:460.38,461.67 1 0
d7y.io/dragonfly/v2/scheduler/types/peer_task.go:465.2,467.60 3 0
d7y.io/dragonfly/v2/scheduler/types/peer_task.go:461.67,463.3 1 0
d7y.io/dragonfly/v2/scheduler/types/peer_task.go:470.47,474.2 3 0
d7y.io/dragonfly/v2/scheduler/types/peer_task.go:476.52,477.15 1 0
d7y.io/dragonfly/v2/scheduler/types/peer_task.go:480.2,482.8 3 0
d7y.io/dragonfly/v2/scheduler/types/peer_task.go:477.15,479.3 1 0
d7y.io/dragonfly/v2/scheduler/types/piece.go:31.55,36.2 1 0
d7y.io/dragonfly/v2/scheduler/types/task.go:53.30,55.31 2 0
d7y.io/dragonfly/v2/scheduler/types/task.go:64.2,64.18 1 0
d7y.io/dragonfly/v2/scheduler/types/task.go:55.31,63.3 5 0
d7y.io/dragonfly/v2/scheduler/types/task.go:67.48,71.2 3 0
d7y.io/dragonfly/v2/scheduler/types/task.go:73.56,76.14 3 0
d7y.io/dragonfly/v2/scheduler/types/task.go:85.2,85.10 1 0
d7y.io/dragonfly/v2/scheduler/types/task.go:76.14,82.3 5 0
d7y.io/dragonfly/v2/scheduler/types/task.go:82.8,84.3 1 0
d7y.io/dragonfly/v2/scheduler/types/task.go:88.35,92.2 3 0
d7y.io/dragonfly/v2/pkg/source/httpprotocol/http_source_client.go:45.13,57.2 6 1
d7y.io/dragonfly/v2/pkg/source/httpprotocol/http_source_client.go:65.80,69.22 2 4
d7y.io/dragonfly/v2/pkg/source/httpprotocol/http_source_client.go:72.2,72.15 1 4
d7y.io/dragonfly/v2/pkg/source/httpprotocol/http_source_client.go:69.22,71.3 1 1
d7y.io/dragonfly/v2/pkg/source/httpprotocol/http_source_client.go:77.65,78.46 1 1
d7y.io/dragonfly/v2/pkg/source/httpprotocol/http_source_client.go:78.46,80.3 1 1
d7y.io/dragonfly/v2/pkg/source/httpprotocol/http_source_client.go:83.151,85.16 2 2
d7y.io/dragonfly/v2/pkg/source/httpprotocol/http_source_client.go:88.2,90.86 2 2
d7y.io/dragonfly/v2/pkg/source/httpprotocol/http_source_client.go:94.2,94.32 1 2
d7y.io/dragonfly/v2/pkg/source/httpprotocol/http_source_client.go:85.16,87.3 1 0
d7y.io/dragonfly/v2/pkg/source/httpprotocol/http_source_client.go:90.86,93.3 1 0
d7y.io/dragonfly/v2/pkg/source/httpprotocol/http_source_client.go:97.124,102.16 4 3
d7y.io/dragonfly/v2/pkg/source/httpprotocol/http_source_client.go:105.2,106.58 2 2
d7y.io/dragonfly/v2/pkg/source/httpprotocol/http_source_client.go:102.16,104.3 1 1
d7y.io/dragonfly/v2/pkg/source/httpprotocol/http_source_client.go:110.149,114.52 3 3
d7y.io/dragonfly/v2/pkg/source/httpprotocol/http_source_client.go:119.2,120.22 2 2
d7y.io/dragonfly/v2/pkg/source/httpprotocol/http_source_client.go:123.2,123.32 1 2
d7y.io/dragonfly/v2/pkg/source/httpprotocol/http_source_client.go:128.2,129.16 2 2
d7y.io/dragonfly/v2/pkg/source/httpprotocol/http_source_client.go:133.2,134.55 2 1
d7y.io/dragonfly/v2/pkg/source/httpprotocol/http_source_client.go:114.52,116.3 1 1
d7y.io/dragonfly/v2/pkg/source/httpprotocol/http_source_client.go:120.22,122.3 1 2
d7y.io/dragonfly/v2/pkg/source/httpprotocol/http_source_client.go:123.32,125.3 1 0
d7y.io/dragonfly/v2/pkg/source/httpprotocol/http_source_client.go:129.16,132.3 1 1
d7y.io/dragonfly/v2/pkg/source/httpprotocol/http_source_client.go:137.151,139.16 2 0
d7y.io/dragonfly/v2/pkg/source/httpprotocol/http_source_client.go:142.2,142.86 1 0
d7y.io/dragonfly/v2/pkg/source/httpprotocol/http_source_client.go:145.2,146.71 2 0
d7y.io/dragonfly/v2/pkg/source/httpprotocol/http_source_client.go:139.16,141.3 1 0
d7y.io/dragonfly/v2/pkg/source/httpprotocol/http_source_client.go:142.86,144.3 1 0
d7y.io/dragonfly/v2/pkg/source/httpprotocol/http_source_client.go:150.9,152.16 2 5
d7y.io/dragonfly/v2/pkg/source/httpprotocol/http_source_client.go:155.2,155.86 1 3
d7y.io/dragonfly/v2/pkg/source/httpprotocol/http_source_client.go:162.2,163.76 2 1
d7y.io/dragonfly/v2/pkg/source/httpprotocol/http_source_client.go:152.16,154.3 1 2
d7y.io/dragonfly/v2/pkg/source/httpprotocol/http_source_client.go:155.86,161.3 2 2
d7y.io/dragonfly/v2/pkg/source/httpprotocol/http_source_client.go:166.132,168.16 2 0
d7y.io/dragonfly/v2/pkg/source/httpprotocol/http_source_client.go:171.2,172.86 2 0
d7y.io/dragonfly/v2/pkg/source/httpprotocol/http_source_client.go:175.2,175.70 1 0
d7y.io/dragonfly/v2/pkg/source/httpprotocol/http_source_client.go:168.16,170.3 1 0
d7y.io/dragonfly/v2/pkg/source/httpprotocol/http_source_client.go:172.86,174.3 1 0
d7y.io/dragonfly/v2/pkg/source/httpprotocol/http_source_client.go:178.144,180.16 2 13
d7y.io/dragonfly/v2/pkg/source/httpprotocol/http_source_client.go:183.2,183.27 1 13
d7y.io/dragonfly/v2/pkg/source/httpprotocol/http_source_client.go:186.2,186.34 1 13
d7y.io/dragonfly/v2/pkg/source/httpprotocol/http_source_client.go:180.16,182.3 1 0
d7y.io/dragonfly/v2/pkg/source/httpprotocol/http_source_client.go:183.27,185.3 1 7
d7y.io/dragonfly/v2/pkg/util/timeutils/time_utils.go:25.32,27.2 1 2
d7y.io/dragonfly/v2/pkg/util/timeutils/time_utils.go:29.49,31.2 1 1
d7y.io/dragonfly/v2/pkg/util/timeutils/time_utils.go:34.42,36.16 2 1
d7y.io/dragonfly/v2/pkg/util/timeutils/time_utils.go:40.2,40.54 1 1
d7y.io/dragonfly/v2/pkg/util/timeutils/time_utils.go:36.16,38.3 1 0
d7y.io/dragonfly/v2/pkg/util/timeutils/time_utils.go:44.45,46.2 1 2
d7y.io/dragonfly/v2/pkg/source/plugin.go:29.56,32.16 2 0
d7y.io/dragonfly/v2/pkg/source/plugin.go:35.2,35.42 1 0
d7y.io/dragonfly/v2/pkg/source/plugin.go:38.2,38.43 1 0
d7y.io/dragonfly/v2/pkg/source/plugin.go:41.2,41.64 1 0
d7y.io/dragonfly/v2/pkg/source/plugin.go:32.16,34.3 1 0
d7y.io/dragonfly/v2/pkg/source/plugin.go:35.42,37.3 1 0
d7y.io/dragonfly/v2/pkg/source/plugin.go:38.43,40.3 1 0
d7y.io/dragonfly/v2/pkg/source/source_client.go:78.145,80.16 2 0
d7y.io/dragonfly/v2/pkg/source/source_client.go:83.2,83.34 1 0
d7y.io/dragonfly/v2/pkg/source/source_client.go:88.2,88.62 1 0
d7y.io/dragonfly/v2/pkg/source/source_client.go:80.16,82.3 1 0
d7y.io/dragonfly/v2/pkg/source/source_client.go:83.34,87.3 3 0
d7y.io/dragonfly/v2/pkg/source/source_client.go:91.121,93.16 2 0
d7y.io/dragonfly/v2/pkg/source/source_client.go:96.2,96.34 1 0
d7y.io/dragonfly/v2/pkg/source/source_client.go:101.2,101.54 1 0
d7y.io/dragonfly/v2/pkg/source/source_client.go:93.16,95.3 1 0
d7y.io/dragonfly/v2/pkg/source/source_client.go:96.34,100.3 3 0
d7y.io/dragonfly/v2/pkg/source/source_client.go:104.146,106.16 2 0
d7y.io/dragonfly/v2/pkg/source/source_client.go:109.2,109.34 1 0
d7y.io/dragonfly/v2/pkg/source/source_client.go:114.2,114.61 1 0
d7y.io/dragonfly/v2/pkg/source/source_client.go:106.16,108.3 1 0
d7y.io/dragonfly/v2/pkg/source/source_client.go:109.34,113.3 3 0
d7y.io/dragonfly/v2/pkg/source/source_client.go:117.145,119.16 2 0
d7y.io/dragonfly/v2/pkg/source/source_client.go:122.2,122.54 1 0
d7y.io/dragonfly/v2/pkg/source/source_client.go:119.16,121.3 1 0
d7y.io/dragonfly/v2/pkg/source/source_client.go:126.9,128.16 2 0
d7y.io/dragonfly/v2/pkg/source/source_client.go:131.2,131.72 1 0
d7y.io/dragonfly/v2/pkg/source/source_client.go:128.16,130.3 1 0
d7y.io/dragonfly/v2/pkg/source/source_client.go:134.129,136.16 2 0
d7y.io/dragonfly/v2/pkg/source/source_client.go:139.2,139.34 1 0
d7y.io/dragonfly/v2/pkg/source/source_client.go:144.2,144.61 1 0
d7y.io/dragonfly/v2/pkg/source/source_client.go:136.16,138.3 1 0
d7y.io/dragonfly/v2/pkg/source/source_client.go:139.34,143.3 3 0
d7y.io/dragonfly/v2/pkg/source/source_client.go:147.33,151.2 1 0
d7y.io/dragonfly/v2/pkg/source/source_client.go:153.92,154.66 1 0
d7y.io/dragonfly/v2/pkg/source/source_client.go:157.2,157.61 1 0
d7y.io/dragonfly/v2/pkg/source/source_client.go:154.66,156.3 1 0
d7y.io/dragonfly/v2/pkg/source/source_client.go:160.61,162.2 1 0
d7y.io/dragonfly/v2/pkg/source/source_client.go:164.63,165.66 1 0
d7y.io/dragonfly/v2/pkg/source/source_client.go:168.2,168.52 1 0
d7y.io/dragonfly/v2/pkg/source/source_client.go:165.66,167.3 1 0
d7y.io/dragonfly/v2/pkg/source/source_client.go:171.32,173.2 1 0
d7y.io/dragonfly/v2/pkg/source/source_client.go:175.93,177.37 2 0
d7y.io/dragonfly/v2/pkg/source/source_client.go:184.2,184.66 1 0
d7y.io/dragonfly/v2/pkg/source/source_client.go:177.37,180.17 3 0
d7y.io/dragonfly/v2/pkg/source/source_client.go:180.17,182.4 1 0
d7y.io/dragonfly/v2/pkg/source/source_client.go:187.90,189.2 1 0
d7y.io/dragonfly/v2/pkg/source/source_client.go:191.115,193.2 1 0
d7y.io/dragonfly/v2/pkg/source/source_client.go:195.93,197.37 2 0
d7y.io/dragonfly/v2/pkg/source/source_client.go:204.2,204.58 1 0
d7y.io/dragonfly/v2/pkg/source/source_client.go:197.37,200.17 3 0
d7y.io/dragonfly/v2/pkg/source/source_client.go:200.17,202.4 1 0
d7y.io/dragonfly/v2/pkg/source/source_client.go:207.127,210.37 2 0
d7y.io/dragonfly/v2/pkg/source/source_client.go:217.2,217.76 1 0
d7y.io/dragonfly/v2/pkg/source/source_client.go:210.37,213.17 3 0
d7y.io/dragonfly/v2/pkg/source/source_client.go:213.17,215.4 1 0
d7y.io/dragonfly/v2/pkg/source/source_client.go:220.98,222.2 1 0
d7y.io/dragonfly/v2/pkg/source/source_client.go:225.92,228.16 3 0
d7y.io/dragonfly/v2/pkg/source/source_client.go:231.2,234.26 4 0
d7y.io/dragonfly/v2/pkg/source/source_client.go:237.2,237.20 1 0
d7y.io/dragonfly/v2/pkg/source/source_client.go:228.16,230.3 1 0
d7y.io/dragonfly/v2/pkg/source/source_client.go:234.26,236.3 1 0
d7y.io/dragonfly/v2/pkg/source/source_client.go:240.93,245.8 4 0
d7y.io/dragonfly/v2/pkg/source/source_client.go:249.2,250.16 2 0
d7y.io/dragonfly/v2/pkg/source/source_client.go:253.2,254.20 2 0
d7y.io/dragonfly/v2/pkg/source/source_client.go:245.8,247.3 1 0
d7y.io/dragonfly/v2/pkg/source/source_client.go:250.16,252.3 1 0
d7y.io/dragonfly/v2/pkg/source/headers.go:22.47,23.14 1 0
d7y.io/dragonfly/v2/pkg/source/headers.go:26.2,26.15 1 0
d7y.io/dragonfly/v2/pkg/source/headers.go:23.14,25.3 1 0
d7y.io/dragonfly/v2/pkg/source/headers.go:32.48,33.14 1 0
d7y.io/dragonfly/v2/pkg/source/headers.go:36.2,36.15 1 0
d7y.io/dragonfly/v2/pkg/source/headers.go:33.14,35.3 1 0
d7y.io/dragonfly/v2/pkg/ratelimiter/ratelimiter/ratelimiter.go:41.60,50.2 8 20
d7y.io/dragonfly/v2/pkg/ratelimiter/ratelimiter/ratelimiter.go:54.59,56.2 1 11
d7y.io/dragonfly/v2/pkg/ratelimiter/ratelimiter/ratelimiter.go:60.62,62.2 1 2
d7y.io/dragonfly/v2/pkg/ratelimiter/ratelimiter/ratelimiter.go:65.44,66.21 1 7
d7y.io/dragonfly/v2/pkg/ratelimiter/ratelimiter/ratelimiter.go:66.21,70.3 3 7
d7y.io/dragonfly/v2/pkg/ratelimiter/ratelimiter/ratelimiter.go:73.66,74.35 1 13
d7y.io/dragonfly/v2/pkg/ratelimiter/ratelimiter/ratelimiter.go:77.2,80.25 3 12
d7y.io/dragonfly/v2/pkg/ratelimiter/ratelimiter/ratelimiter.go:98.2,100.18 3 12
d7y.io/dragonfly/v2/pkg/ratelimiter/ratelimiter/ratelimiter.go:74.35,76.3 1 1
d7y.io/dragonfly/v2/pkg/ratelimiter/ratelimiter/ratelimiter.go:80.25,86.24 4 21
d7y.io/dragonfly/v2/pkg/ratelimiter/ratelimiter/ratelimiter.go:91.3,91.15 1 10
d7y.io/dragonfly/v2/pkg/ratelimiter/ratelimiter/ratelimiter.go:95.3,95.12 1 1
d7y.io/dragonfly/v2/pkg/ratelimiter/ratelimiter/ratelimiter.go:86.24,90.4 3 11
d7y.io/dragonfly/v2/pkg/ratelimiter/ratelimiter/ratelimiter.go:91.15,94.4 2 9
d7y.io/dragonfly/v2/pkg/ratelimiter/ratelimiter/ratelimiter.go:103.48,104.35 1 24
d7y.io/dragonfly/v2/pkg/ratelimiter/ratelimiter/ratelimiter.go:104.35,106.3 1 22
d7y.io/dragonfly/v2/pkg/ratelimiter/ratelimiter/ratelimiter.go:106.8,106.23 1 2
d7y.io/dragonfly/v2/pkg/ratelimiter/ratelimiter/ratelimiter.go:106.23,108.3 1 1
d7y.io/dragonfly/v2/pkg/ratelimiter/ratelimiter/ratelimiter.go:108.8,110.3 1 1
d7y.io/dragonfly/v2/pkg/ratelimiter/ratelimiter/ratelimiter.go:113.47,114.18 1 27
d7y.io/dragonfly/v2/pkg/ratelimiter/ratelimiter/ratelimiter.go:117.2,118.23 2 23
d7y.io/dragonfly/v2/pkg/ratelimiter/ratelimiter/ratelimiter.go:122.2,123.49 2 4
d7y.io/dragonfly/v2/pkg/ratelimiter/ratelimiter/ratelimiter.go:114.18,116.3 1 4
d7y.io/dragonfly/v2/pkg/ratelimiter/ratelimiter/ratelimiter.go:118.23,121.3 2 19
d7y.io/dragonfly/v2/pkg/ratelimiter/ratelimiter/ratelimiter.go:126.59,128.43 2 21
d7y.io/dragonfly/v2/pkg/ratelimiter/ratelimiter/ratelimiter.go:131.2,131.79 1 10
d7y.io/dragonfly/v2/pkg/ratelimiter/ratelimiter/ratelimiter.go:128.43,130.3 1 11
d7y.io/dragonfly/v2/pkg/ratelimiter/ratelimiter/ratelimiter.go:134.54,135.24 1 10
d7y.io/dragonfly/v2/pkg/ratelimiter/ratelimiter/ratelimiter.go:138.2,139.85 2 10
d7y.io/dragonfly/v2/pkg/ratelimiter/ratelimiter/ratelimiter.go:135.24,137.3 1 0
d7y.io/dragonfly/v2/pkg/ratelimiter/ratelimiter/ratelimiter.go:144.34,145.15 1 5
d7y.io/dragonfly/v2/pkg/ratelimiter/ratelimiter/ratelimiter.go:148.2,149.13 2 5
d7y.io/dragonfly/v2/pkg/ratelimiter/ratelimiter/ratelimiter.go:145.15,147.3 1 2
